#
# A fatal error has been detected by the Java Runtime Environment:
#
#  SIGSEGV (0xb) at pc=0x00005619916fca4f, pid=21466, tid=0x00007f43542a6080
#
# JRE version: Java(TM) SE Runtime Environment (8.0_181-b13) (build 1.8.0_181-b13)
# Java VM: Java HotSpot(TM) 64-Bit Server VM (25.181-b13 mixed mode linux-amd64 compressed oops)
# Problematic frame:
# C  [MyHdfs2+0x1a4f]  ReadMyHdfs()+0x37b
#
# Failed to write core dump. Core dumps have been disabled. To enable core dumping, try "ulimit -c unlimited" before starting Java again
#
# If you would like to submit a bug report, please visit:
#   http://bugreport.java.com/bugreport/crash.jsp
# The crash happened outside the Java Virtual Machine in native code.
# See problematic frame for where to report the bug.
#

---------------  T H R E A D  ---------------

Current thread (0x0000561992588800):  JavaThread "main" [_thread_in_native, id=21466, stack(0x00007ffc60f4f000,0x00007ffc6104f000)]

siginfo: si_signo: 11 (SIGSEGV), si_code: 1 (SEGV_MAPERR), si_addr: 0x0000000000000000

Registers:
RAX=0x0000000000000000, RBX=0x0000000008000000, RCX=0x0000561993809a60, RDX=0x00007f43534c8030
RSP=0x00007ffc61049250, RBP=0x00007ffc610492f0, RSI=0x0000000000000000, RDI=0x00005619925889f8
R8 =0x0000561993809a60, R9 =0x0000000000000000, R10=0x0000561992560010, R11=0x0000000000000002
R12=0x00005619916fc4c0, R13=0x00007ffc610493e0, R14=0x0000000000000000, R15=0x0000000000000000
RIP=0x00005619916fca4f, EFLAGS=0x0000000000010206, CSGSFS=0x002b000000000033, ERR=0x0000000000000004
  TRAPNO=0x000000000000000e

Top of Stack: (sp=0x00007ffc61049250)
0x00007ffc61049250:   01007ffc61049270 0000001800000000
0x00007ffc61049260:   0000561993804300 0000561993809a60
0x00007ffc61049270:   00007ffc61049280 000000000000000e
0x00007ffc61049280:   69702f617461642f 0000736572757463
0x00007ffc61049290:   0000561993802440 000000000000003a
0x00007ffc610492a0:   000000000000003a 0000000000000001
0x00007ffc610492b0:   0000561993806af0 0000000000000022
0x00007ffc610492c0:   0000000000000022 00005619916fe54d
0x00007ffc610492d0:   00007f43540ab9a0 d4d7a49217532400
0x00007ffc610492e0:   00005619916fe500 0000000000000000
0x00007ffc610492f0:   00007ffc61049300 00005619916fcbd3
0x00007ffc61049300:   00005619916fe500 00007f435351ab97
0x00007ffc61049310:   0000000000000000 00007ffc610493e8
0x00007ffc61049320:   00000001ffffff88 00005619916fcbca
0x00007ffc61049330:   0000000000000000 12edf148de11dabc
0x00007ffc61049340:   00005619916fc4c0 00007ffc610493e0
0x00007ffc61049350:   0000000000000000 0000000000000000
0x00007ffc61049360:   4126119e3231dabc 40587534428fdabc
0x00007ffc61049370:   0000000000000000 0000000000000000
0x00007ffc61049380:   0000000000000000 00007f43540ab733
0x00007ffc61049390:   00007f4354099ce8 00007f43524f2bb0
0x00007ffc610493a0:   0000000000000000 0000000000000000
0x00007ffc610493b0:   0000000000000000 00005619916fc4c0
0x00007ffc610493c0:   00007ffc610493e0 00005619916fc4ea
0x00007ffc610493d0:   00007ffc610493d8 000000000000001c
0x00007ffc610493e0:   0000000000000001 00007ffc6104a767
0x00007ffc610493f0:   0000000000000000 00007ffc6104a771
0x00007ffc61049400:   00007ffc6104ad5d 00007ffc6104adc0
0x00007ffc61049410:   00007ffc6104adf3 00007ffc6104ae15
0x00007ffc61049420:   00007ffc6104ae2c 00007ffc6104ae4b
0x00007ffc61049430:   00007ffc6104ae5c 00007ffc6104ae73
0x00007ffc61049440:   00007ffc6104aea1 00007ffc6104aeca 

Instructions: (pc=0x00005619916fca4f)
0x00005619916fca2f:   e8 7c f9 ff ff 48 89 85 78 ff ff ff 48 83 bd 78
0x00005619916fca3f:   ff ff ff 00 74 34 48 8b 85 78 ff ff ff 48 8b 00
0x00005619916fca4f:   48 8b 00 48 89 c6 48 8b 05 74 35 20 00 48 89 c7
0x00005619916fca5f:   e8 ec f8 ff ff 48 89 c2 48 8b 05 52 35 20 00 48 

Register to memory mapping:

RAX=0x0000000000000000 is an unknown value
RBX=0x0000000008000000 is an unknown value
RCX=0x0000561993809a60 is an unknown value
RDX=0x00007f43534c8030: <offset 0xfd0030> in /soft/jdk/jre/lib/amd64/server/libjvm.so at 0x00007f43524f8000
RSP=0x00007ffc61049250 is pointing into the stack for thread: 0x0000561992588800
RBP=0x00007ffc610492f0 is pointing into the stack for thread: 0x0000561992588800
RSI=0x0000000000000000 is an unknown value
RDI=0x00005619925889f8 is an unknown value
R8 =0x0000561993809a60 is an unknown value
R9 =0x0000000000000000 is an unknown value
R10=0x0000561992560010 is an unknown value
R11=0x0000000000000002 is an unknown value
R12=0x00005619916fc4c0: <offset 0x14c0> in ./MyHdfs2 at 0x00005619916fb000
R13=0x00007ffc610493e0 is pointing into the stack for thread: 0x0000561992588800
R14=0x0000000000000000 is an unknown value
R15=0x0000000000000000 is an unknown value


Stack: [0x00007ffc60f4f000,0x00007ffc6104f000],  sp=0x00007ffc61049250,  free space=1000k
Native frames: (J=compiled Java code, j=interpreted, Vv=VM code, C=native code)
C  [MyHdfs2+0x1a4f]  ReadMyHdfs()+0x37b
C  [MyHdfs2+0x1bd3]  main+0x9
C  [libc.so.6+0x21b97]  __libc_start_main+0xe7


---------------  P R O C E S S  ---------------

Java Threads: ( => current thread )
  0x00005619937ef800 JavaThread "IPC Parameter Sending Thread #0" daemon [_thread_blocked, id=21504, stack(0x00007f43147ec000,0x00007f43148ed000)]
  0x00005619937d2800 JavaThread "IPC Client (136936250) connection to /172.19.0.207:9000 from root" daemon [_thread_blocked, id=21503, stack(0x00007f4314aed000,0x00007f4314bee000)]
  0x0000561993799800 JavaThread "client DomainSocketWatcher" daemon [_thread_in_native, id=21502, stack(0x00007f431c07e000,0x00007f431c17f000)]
  0x00005619935fd000 JavaThread "org.apache.hadoop.fs.FileSystem$Statistics$StatisticsDataReferenceCleaner" daemon [_thread_blocked, id=21501, stack(0x00007f431cdc7000,0x00007f431cec8000)]
  0x00005619934a4000 JavaThread "process reaper" daemon [_thread_blocked, id=21499, stack(0x00007f431cec8000,0x00007f431cf01000)]
  0x0000561992674000 JavaThread "Service Thread" daemon [_thread_blocked, id=21496, stack(0x00007f431d99c000,0x00007f431da9d000)]
  0x0000561992669000 JavaThread "C1 CompilerThread11" daemon [_thread_blocked, id=21495, stack(0x00007f431da9e000,0x00007f431db9e000)]
  0x0000561992667000 JavaThread "C1 CompilerThread10" daemon [_thread_blocked, id=21494, stack(0x00007f431db9f000,0x00007f431dc9f000)]
  0x0000561992665000 JavaThread "C1 CompilerThread9" daemon [_thread_blocked, id=21493, stack(0x00007f431dca0000,0x00007f431dda0000)]
  0x0000561992663000 JavaThread "C1 CompilerThread8" daemon [_thread_blocked, id=21492, stack(0x00007f431dda1000,0x00007f431dea1000)]
  0x0000561992661000 JavaThread "C2 CompilerThread7" daemon [_thread_blocked, id=21491, stack(0x00007f431dea2000,0x00007f431dfa2000)]
  0x000056199265f000 JavaThread "C2 CompilerThread6" daemon [_thread_blocked, id=21490, stack(0x00007f431dfa3000,0x00007f431e0a3000)]
  0x000056199265d000 JavaThread "C2 CompilerThread5" daemon [_thread_blocked, id=21489, stack(0x00007f431e0a4000,0x00007f431e1a4000)]
  0x0000561992652800 JavaThread "C2 CompilerThread4" daemon [_thread_blocked, id=21488, stack(0x00007f431e1a5000,0x00007f431e2a5000)]
  0x0000561992650800 JavaThread "C2 CompilerThread3" daemon [_thread_blocked, id=21487, stack(0x00007f431e2a6000,0x00007f431e3a6000)]
  0x000056199264e800 JavaThread "C2 CompilerThread2" daemon [_thread_blocked, id=21486, stack(0x00007f431e3a7000,0x00007f431e4a7000)]
  0x000056199264c800 JavaThread "C2 CompilerThread1" daemon [_thread_blocked, id=21485, stack(0x00007f431e4a8000,0x00007f431e5a8000)]
  0x0000561992649800 JavaThread "C2 CompilerThread0" daemon [_thread_blocked, id=21484, stack(0x00007f431e5a9000,0x00007f431e6a9000)]
  0x0000561992648000 JavaThread "Signal Dispatcher" daemon [_thread_blocked, id=21483, stack(0x00007f431e6a9000,0x00007f431e7aa000)]
  0x0000561992615800 JavaThread "Finalizer" daemon [_thread_blocked, id=21482, stack(0x00007f431e945000,0x00007f431ea46000)]
  0x0000561992613000 JavaThread "Reference Handler" daemon [_thread_blocked, id=21481, stack(0x00007f431ea46000,0x00007f431eb47000)]
=>0x0000561992588800 JavaThread "main" [_thread_in_native, id=21466, stack(0x00007ffc60f4f000,0x00007ffc6104f000)]

Other Threads:
  0x0000561992609000 VMThread [stack: 0x00007f431eb48000,0x00007f431ec48000] [id=21480]
  0x0000561992679800 WatcherThread [stack: 0x00007f431d89c000,0x00007f431d99c000] [id=21497]

VM state:not at safepoint (normal execution)

VM Mutex/Monitor currently owned by a thread: None

Heap:
 PSYoungGen      total 148992K, used 25852K [0x000000071a400000, 0x000000072c700000, 0x00000007c0000000)
  eden space 128000K, 8% used [0x000000071a400000,0x000000071aef91f0,0x0000000722100000)
  from space 20992K, 69% used [0x0000000722100000,0x0000000722f46130,0x0000000723580000)
  to   space 20992K, 0% used [0x000000072b280000,0x000000072b280000,0x000000072c700000)
 ParOldGen       total 339968K, used 16K [0x00000005cec00000, 0x00000005e3800000, 0x000000071a400000)
  object space 339968K, 0% used [0x00000005cec00000,0x00000005cec04000,0x00000005e3800000)
 Metaspace       used 19145K, capacity 19296K, committed 19456K, reserved 1067008K
  class space    used 2203K, capacity 2276K, committed 2304K, reserved 1048576K

Card table byte_map: [0x00007f434094b000,0x00007f43418d6000] byte_map_base: 0x00007f433dad5000

Marking Bits: (ParMarkBitMap*) 0x00007f43534cc0a0
 Begin Bits: [0x00007f42e8760000, 0x00007f42f03b0000)
 End Bits:   [0x00007f42f03b0000, 0x00007f42f8000000)

Polling page: 0x00007f43542bf000

CodeCache: size=245760Kb used=5848Kb max_used=5848Kb free=239911Kb
 bounds [0x00007f4341c96000, 0x00007f4342256000, 0x00007f4350c96000]
 total_blobs=1473 nmethods=1079 adapters=305
 compilation: enabled

Compilation events (10 events):
Event: 1.352 Thread 0x0000561992665000 nmethod 1074 0x00007f4342243150 code [0x00007f43422432a0, 0x00007f43422433f0]
Event: 1.352 Thread 0x0000561992665000 1079       1       java.util.Collections$EmptyMap::isEmpty (2 bytes)
Event: 1.352 Thread 0x0000561992665000 nmethod 1079 0x00007f4342243490 code [0x00007f43422435e0, 0x00007f43422436f0]
Event: 1.352 Thread 0x0000561992663000 nmethod 1077 0x00007f4342243750 code [0x00007f43422438c0, 0x00007f4342243ac8]
Event: 1.353 Thread 0x0000561992669000 nmethod 1066 0x00007f4342243b50 code [0x00007f4342243f00, 0x00007f4342246728]
Event: 1.355 Thread 0x0000561992665000 1080       3       java.net.URI::match (56 bytes)
Event: 1.356 Thread 0x0000561992665000 nmethod 1080 0x00007f4342247fd0 code [0x00007f4342248140, 0x00007f4342248450]
Event: 1.357 Thread 0x0000561992663000 1081       1       java.nio.Buffer::limit (5 bytes)
Event: 1.357 Thread 0x0000561992663000 nmethod 1081 0x00007f43422484d0 code [0x00007f4342248620, 0x00007f4342248730]
Event: 1.358 Thread 0x0000561992667000 nmethod 1075 0x00007f4342248790 code [0x00007f4342248c80, 0x00007f434224c6b8]

GC Heap History (2 events):
Event: 1.172 GC heap before
{Heap before GC invocations=1 (full 0):
 PSYoungGen      total 148992K, used 128000K [0x000000071a400000, 0x0000000724a00000, 0x00000007c0000000)
  eden space 128000K, 100% used [0x000000071a400000,0x0000000722100000,0x0000000722100000)
  from space 20992K, 0% used [0x0000000723580000,0x0000000723580000,0x0000000724a00000)
  to   space 20992K, 0% used [0x0000000722100000,0x0000000722100000,0x0000000723580000)
 ParOldGen       total 339968K, used 0K [0x00000005cec00000, 0x00000005e3800000, 0x000000071a400000)
  object space 339968K, 0% used [0x00000005cec00000,0x00000005cec00000,0x00000005e3800000)
 Metaspace       used 17894K, capacity 18078K, committed 18304K, reserved 1064960K
  class space    used 2070K, capacity 2147K, committed 2176K, reserved 1048576K
Event: 1.219 GC heap after
Heap after GC invocations=1 (full 0):
 PSYoungGen      total 148992K, used 14616K [0x000000071a400000, 0x000000072c700000, 0x00000007c0000000)
  eden space 128000K, 0% used [0x000000071a400000,0x000000071a400000,0x0000000722100000)
  from space 20992K, 69% used [0x0000000722100000,0x0000000722f46130,0x0000000723580000)
  to   space 20992K, 0% used [0x000000072b280000,0x000000072b280000,0x000000072c700000)
 ParOldGen       total 339968K, used 16K [0x00000005cec00000, 0x00000005e3800000, 0x000000071a400000)
  object space 339968K, 0% used [0x00000005cec00000,0x00000005cec04000,0x00000005e3800000)
 Metaspace       used 17894K, capacity 18078K, committed 18304K, reserved 1064960K
  class space    used 2070K, capacity 2147K, committed 2176K, reserved 1048576K
}

Deoptimization events (10 events):
Event: 0.571 Thread 0x0000561992588800 Uncommon trap: reason=unstable_if action=reinterpret pc=0x00007f43421750a8 method=com.ctc.wstx.io.UTF8Reader.read([CII)I @ 269
Event: 0.738 Thread 0x0000561992588800 Uncommon trap: reason=unstable_if action=reinterpret pc=0x00007f434218c440 method=com.ctc.wstx.io.UTF8Reader.read([CII)I @ 269
Event: 0.744 Thread 0x0000561992588800 Uncommon trap: reason=unstable_if action=reinterpret pc=0x00007f4342182e74 method=com.ctc.wstx.sr.StreamScanner.getNextChar(Ljava/lang/String;)C @ 8
Event: 0.748 Thread 0x0000561992588800 Uncommon trap: reason=unstable_if action=reinterpret pc=0x00007f4342171df4 method=com.ctc.wstx.sr.StreamScanner.getNextChar(Ljava/lang/String;)C @ 8
Event: 0.754 Thread 0x0000561992588800 Uncommon trap: reason=unstable_if action=reinterpret pc=0x00007f4342064274 method=sun.misc.MetaIndex.mayContain(Ljava/lang/String;)Z @ 38
Event: 1.226 Thread 0x0000561992615800 Uncommon trap: reason=unstable_if action=reinterpret pc=0x00007f43421fd97c method=java.lang.ref.ReferenceQueue.poll()Ljava/lang/ref/Reference; @ 4
Event: 1.254 Thread 0x0000561992588800 Uncommon trap: reason=class_check action=maybe_recompile pc=0x00007f43421f2f08 method=java.io.DataOutputStream.write(I)V @ 5
Event: 1.254 Thread 0x0000561992588800 Uncommon trap: reason=class_check action=maybe_recompile pc=0x00007f43421f2f08 method=java.io.DataOutputStream.write(I)V @ 5
Event: 1.254 Thread 0x0000561992588800 Uncommon trap: reason=class_check action=maybe_recompile pc=0x00007f43421f2f08 method=java.io.DataOutputStream.write(I)V @ 5
Event: 1.355 Thread 0x0000561992588800 Uncommon trap: reason=unstable_if action=reinterpret pc=0x00007f434223d33c method=java.net.URI.match(CJJ)Z @ 45

Classes redefined (0 events):
No events

Internal exceptions (10 events):
Event: 0.270 Thread 0x0000561992588800 Exception <a 'java/lang/ClassNotFoundException': org/apache/log4j/WriterAppenderBeanInfo> (0x000000071b6a7db0) thrown at [/HUDSON/workspace/8-2-build-linux-amd64/jdk8u181/11358/hotspot/src/share/vm/classfile/systemDictionary.cpp, line 210]
Event: 0.270 Thread 0x0000561992588800 Exception <a 'java/lang/ClassNotFoundException': org/apache/log4j/AppenderSkeletonBeanInfo> (0x000000071b6d5188) thrown at [/HUDSON/workspace/8-2-build-linux-amd64/jdk8u181/11358/hotspot/src/share/vm/classfile/systemDictionary.cpp, line 210]
Event: 0.271 Thread 0x0000561992588800 Exception <a 'java/lang/ClassNotFoundException': org/apache/log4j/AppenderSkeletonCustomizer> (0x000000071b705238) thrown at [/HUDSON/workspace/8-2-build-linux-amd64/jdk8u181/11358/hotspot/src/share/vm/classfile/systemDictionary.cpp, line 210]
Event: 0.273 Thread 0x0000561992588800 Exception <a 'java/lang/ClassNotFoundException': org/apache/log4j/WriterAppenderCustomizer> (0x000000071b7460d0) thrown at [/HUDSON/workspace/8-2-build-linux-amd64/jdk8u181/11358/hotspot/src/share/vm/classfile/systemDictionary.cpp, line 210]
Event: 0.275 Thread 0x0000561992588800 Exception <a 'java/lang/ClassNotFoundException': org/apache/log4j/ConsoleAppenderCustomizer> (0x000000071b77fe60) thrown at [/HUDSON/workspace/8-2-build-linux-amd64/jdk8u181/11358/hotspot/src/share/vm/classfile/systemDictionary.cpp, line 210]
Event: 0.473 Thread 0x0000561992588800 Exception <a 'java/lang/NoSuchFieldError': method resolution failed> (0x000000071c43df90) thrown at [/HUDSON/workspace/8-2-build-linux-amd64/jdk8u181/11358/hotspot/src/share/vm/prims/methodHandles.cpp, line 1167]
Event: 0.475 Thread 0x0000561992588800 Exception <a 'java/lang/NoSuchFieldError': method resolution failed> (0x000000071c44b680) thrown at [/HUDSON/workspace/8-2-build-linux-amd64/jdk8u181/11358/hotspot/src/share/vm/prims/methodHandles.cpp, line 1167]
Event: 0.524 Thread 0x0000561992588800 Exception <a 'java/io/FileNotFoundException'> (0x000000071c559290) thrown at [/HUDSON/workspace/8-2-build-linux-amd64/jdk8u181/11358/hotspot/src/share/vm/prims/jni.cpp, line 709]
Event: 0.524 Thread 0x0000561992588800 Exception <a 'java/security/PrivilegedActionException'> (0x000000071c5596f8) thrown at [/HUDSON/workspace/8-2-build-linux-amd64/jdk8u181/11358/hotspot/src/share/vm/prims/jvm.cpp, line 1435]
Event: 0.524 Thread 0x0000561992588800 Exception <a 'java/lang/reflect/InvocationTargetException'> (0x000000071c55b7b8) thrown at [/HUDSON/workspace/8-2-build-linux-amd64/jdk8u181/11358/hotspot/src/share/vm/runtime/reflection.cpp, line 1092]

Events (10 events):
Event: 1.355 loading class java/net/InetAddress$CacheEntry done
Event: 1.355 Thread 0x0000561992588800 Uncommon trap: trap_request=0xffffff65 fr.pc=0x00007f434223d33c
Event: 1.355 Thread 0x0000561992588800 DEOPT PACKING pc=0x00007f434223d33c sp=0x00007ffc61048280
Event: 1.355 Thread 0x0000561992588800 DEOPT UNPACKING pc=0x00007f4341cdb73a sp=0x00007ffc61048230 mode 2
Event: 1.355 loading class org/apache/hadoop/hdfs/protocol/proto/ClientNamenodeProtocolProtos$GetBlockLocationsRequestProto$Builder
Event: 1.355 loading class org/apache/hadoop/hdfs/protocol/proto/ClientNamenodeProtocolProtos$GetBlockLocationsRequestProto$Builder done
Event: 1.358 loading class org/apache/hadoop/hdfs/protocol/proto/ClientNamenodeProtocolProtos$GetBlockLocationsResponseProto$Builder
Event: 1.358 loading class org/apache/hadoop/hdfs/protocol/proto/ClientNamenodeProtocolProtos$GetBlockLocationsResponseProto$Builder done
Event: 1.358 loading class org/apache/hadoop/hdfs/protocol/proto/ClientNamenodeProtocolProtos$GetBlockLocationsResponseProto$1
Event: 1.358 loading class org/apache/hadoop/hdfs/protocol/proto/ClientNamenodeProtocolProtos$GetBlockLocationsResponseProto$1 done


Dynamic libraries:
5cec00000-5e3800000 rw-p 00000000 00:00 0 
5e3800000-71a400000 ---p 00000000 00:00 0 
71a400000-72c700000 rw-p 00000000 00:00 0 
72c700000-7c0000000 ---p 00000000 00:00 0 
7c0000000-7c0240000 rw-p 00000000 00:00 0 
7c0240000-800000000 ---p 00000000 00:00 0 
5619916fb000-561991700000 r-xp 00000000 00:34 20611917                   /data/006zzy/eclipse-workspace/MyHdfs2/Debug/MyHdfs2
5619918ff000-561991900000 r--p 00004000 00:34 20611917                   /data/006zzy/eclipse-workspace/MyHdfs2/Debug/MyHdfs2
561991900000-561991901000 rw-p 00005000 00:34 20611917                   /data/006zzy/eclipse-workspace/MyHdfs2/Debug/MyHdfs2
561992560000-561993846000 rw-p 00000000 00:00 0                          [heap]
7f428c000000-7f428c024000 rw-p 00000000 00:00 0 
7f428c024000-7f4290000000 ---p 00000000 00:00 0 
7f4290000000-7f4290021000 rw-p 00000000 00:00 0 
7f4290021000-7f4294000000 ---p 00000000 00:00 0 
7f4294000000-7f4294021000 rw-p 00000000 00:00 0 
7f4294021000-7f4298000000 ---p 00000000 00:00 0 
7f4298000000-7f4298021000 rw-p 00000000 00:00 0 
7f4298021000-7f429c000000 ---p 00000000 00:00 0 
7f429c000000-7f429c021000 rw-p 00000000 00:00 0 
7f429c021000-7f42a0000000 ---p 00000000 00:00 0 
7f42a0000000-7f42a0021000 rw-p 00000000 00:00 0 
7f42a0021000-7f42a4000000 ---p 00000000 00:00 0 
7f42a4000000-7f42a41ad000 rw-p 00000000 00:00 0 
7f42a41ad000-7f42a8000000 ---p 00000000 00:00 0 
7f42a8000000-7f42a8021000 rw-p 00000000 00:00 0 
7f42a8021000-7f42ac000000 ---p 00000000 00:00 0 
7f42ac000000-7f42ac192000 rw-p 00000000 00:00 0 
7f42ac192000-7f42b0000000 ---p 00000000 00:00 0 
7f42b0000000-7f42b00dc000 rw-p 00000000 00:00 0 
7f42b00dc000-7f42b4000000 ---p 00000000 00:00 0 
7f42b4000000-7f42b4128000 rw-p 00000000 00:00 0 
7f42b4128000-7f42b8000000 ---p 00000000 00:00 0 
7f42b8000000-7f42b80f7000 rw-p 00000000 00:00 0 
7f42b80f7000-7f42bc000000 ---p 00000000 00:00 0 
7f42bc000000-7f42bc2c5000 rw-p 00000000 00:00 0 
7f42bc2c5000-7f42c0000000 ---p 00000000 00:00 0 
7f42c0000000-7f42c0219000 rw-p 00000000 00:00 0 
7f42c0219000-7f42c4000000 ---p 00000000 00:00 0 
7f42c4000000-7f42c42ed000 rw-p 00000000 00:00 0 
7f42c42ed000-7f42c8000000 ---p 00000000 00:00 0 
7f42c8000000-7f42c839d000 rw-p 00000000 00:00 0 
7f42c839d000-7f42cc000000 ---p 00000000 00:00 0 
7f42cc000000-7f42cc1fa000 rw-p 00000000 00:00 0 
7f42cc1fa000-7f42d0000000 ---p 00000000 00:00 0 
7f42d0000000-7f42d02ef000 rw-p 00000000 00:00 0 
7f42d02ef000-7f42d4000000 ---p 00000000 00:00 0 
7f42d4000000-7f42d4021000 rw-p 00000000 00:00 0 
7f42d4021000-7f42d8000000 ---p 00000000 00:00 0 
7f42d8000000-7f42d83c5000 rw-p 00000000 00:00 0 
7f42d83c5000-7f42dc000000 ---p 00000000 00:00 0 
7f42dc000000-7f42dc021000 rw-p 00000000 00:00 0 
7f42dc021000-7f42e0000000 ---p 00000000 00:00 0 
7f42e0000000-7f42e0021000 rw-p 00000000 00:00 0 
7f42e0021000-7f42e4000000 ---p 00000000 00:00 0 
7f42e4000000-7f42e4021000 rw-p 00000000 00:00 0 
7f42e4021000-7f42e8000000 ---p 00000000 00:00 0 
7f42e8760000-7f42f8000000 rw-p 00000000 00:00 0 
7f42f8000000-7f42f8021000 rw-p 00000000 00:00 0 
7f42f8021000-7f42fc000000 ---p 00000000 00:00 0 
7f42fc000000-7f42fc021000 rw-p 00000000 00:00 0 
7f42fc021000-7f4300000000 ---p 00000000 00:00 0 
7f4300000000-7f4300021000 rw-p 00000000 00:00 0 
7f4300021000-7f4304000000 ---p 00000000 00:00 0 
7f4308000000-7f4308021000 rw-p 00000000 00:00 0 
7f4308021000-7f430c000000 ---p 00000000 00:00 0 
7f4310000000-7f4310021000 rw-p 00000000 00:00 0 
7f4310021000-7f4314000000 ---p 00000000 00:00 0 
7f43147ec000-7f43147ef000 ---p 00000000 00:00 0 
7f43147ef000-7f43149ad000 rw-p 00000000 00:00 0 
7f43149ad000-7f4314aed000 ---p 00000000 00:00 0 
7f4314aed000-7f4314af0000 ---p 00000000 00:00 0 
7f4314af0000-7f4314bee000 rw-p 00000000 00:00 0 
7f4314bee000-7f4314bff000 r-xp 00000000 08:04 53085847                   /soft/jdk/jre/lib/amd64/libnio.so
7f4314bff000-7f4314dfe000 ---p 00011000 08:04 53085847                   /soft/jdk/jre/lib/amd64/libnio.so
7f4314dfe000-7f4314dff000 rw-p 00010000 08:04 53085847                   /soft/jdk/jre/lib/amd64/libnio.so
7f4314dff000-7f4314fff000 rw-p 00000000 00:00 0 
7f4314fff000-7f4318000000 rw-p 00000000 00:00 0 
7f4318000000-7f4318021000 rw-p 00000000 00:00 0 
7f4318021000-7f431c000000 ---p 00000000 00:00 0 
7f431c07e000-7f431c081000 ---p 00000000 00:00 0 
7f431c081000-7f431c37f000 rw-p 00000000 00:00 0 
7f431c37f000-7f431c395000 r-xp 00000000 08:04 53085809                   /soft/jdk/jre/lib/amd64/libnet.so
7f431c395000-7f431c595000 ---p 00016000 08:04 53085809                   /soft/jdk/jre/lib/amd64/libnet.so
7f431c595000-7f431c596000 rw-p 00016000 08:04 53085809                   /soft/jdk/jre/lib/amd64/libnet.so
7f431c596000-7f431c598000 r--s 00009000 08:04 53085775                   /soft/jdk/jre/lib/ext/sunec.jar
7f431c598000-7f431c59c000 r--s 0003a000 08:04 53085777                   /soft/jdk/jre/lib/ext/sunpkcs11.jar
7f431c59c000-7f431c59f000 r--s 0001a000 08:04 53085871                   /soft/jdk/jre/lib/jce.jar
7f431c59f000-7f431c5a4000 r--s 0009d000 08:04 53085878                   /soft/jdk/jre/lib/jsse.jar
7f431c5a4000-7f431c7a4000 rw-p 00000000 00:00 0 
7f431c7a4000-7f431c7a5000 r-xp 00000000 08:04 53085838                   /soft/jdk/jre/lib/amd64/libjaas_unix.so
7f431c7a5000-7f431c9a4000 ---p 00001000 08:04 53085838                   /soft/jdk/jre/lib/amd64/libjaas_unix.so
7f431c9a4000-7f431c9a5000 rw-p 00000000 08:04 53085838                   /soft/jdk/jre/lib/amd64/libjaas_unix.so
7f431c9a5000-7f431cba5000 rw-p 00000000 00:00 0 
7f431cba5000-7f431cbc6000 r-xp 00000000 08:04 53873107                   /soft/hadoop-2.9.1/lib/native/libhadoop.so
7f431cbc6000-7f431cdc5000 ---p 00021000 08:04 53873107                   /soft/hadoop-2.9.1/lib/native/libhadoop.so
7f431cdc5000-7f431cdc6000 r--p 00020000 08:04 53873107                   /soft/hadoop-2.9.1/lib/native/libhadoop.so
7f431cdc6000-7f431cdc7000 rw-p 00021000 08:04 53873107                   /soft/hadoop-2.9.1/lib/native/libhadoop.so
7f431cdc7000-7f431cdca000 ---p 00000000 00:00 0 
7f431cdca000-7f431cec8000 rw-p 00000000 00:00 0 
7f431cec8000-7f431cecb000 ---p 00000000 00:00 0 
7f431cecb000-7f431cf01000 rw-p 00000000 00:00 0 
7f431cf01000-7f431cf0a000 r-xp 00000000 08:04 53085831                   /soft/jdk/jre/lib/amd64/libmanagement.so
7f431cf0a000-7f431d109000 ---p 00009000 08:04 53085831                   /soft/jdk/jre/lib/amd64/libmanagement.so
7f431d109000-7f431d10a000 rw-p 00008000 08:04 53085831                   /soft/jdk/jre/lib/amd64/libmanagement.so
7f431d10a000-7f431d10d000 r--s 0002e000 08:04 53873510                   /soft/hadoop-2.9.1/share/hadoop/mapreduce/hadoop-mapreduce-client-hs-2.9.1.jar
7f431d10d000-7f431d113000 r--s 00045000 08:04 53873511                   /soft/hadoop-2.9.1/share/hadoop/mapreduce/hadoop-mapreduce-examples-2.9.1.jar
7f431d113000-7f431d115000 r--s 00007000 08:04 53873554                   /soft/hadoop-2.9.1/share/hadoop/mapreduce/hadoop-mapreduce-client-hs-plugins-2.9.1.jar
7f431d115000-7f431d122000 r--s 000b4000 08:04 53873555                   /soft/hadoop-2.9.1/share/hadoop/mapreduce/hadoop-mapreduce-client-common-2.9.1.jar
7f431d122000-7f431d124000 r--s 00013000 08:04 53873560                   /soft/hadoop-2.9.1/share/hadoop/mapreduce/hadoop-mapreduce-client-shuffle-2.9.1.jar
7f431d124000-7f431d126000 r--s 00010000 08:04 53873557                   /soft/hadoop-2.9.1/share/hadoop/mapreduce/hadoop-mapreduce-client-jobclient-2.9.1.jar
7f431d126000-7f431d13f000 r--s 00171000 08:04 53873561                   /soft/hadoop-2.9.1/share/hadoop/mapreduce/hadoop-mapreduce-client-core-2.9.1.jar
7f431d13f000-7f431d149000 r--s 00082000 08:04 53873553                   /soft/hadoop-2.9.1/share/hadoop/mapreduce/hadoop-mapreduce-client-app-2.9.1.jar
7f431d149000-7f431d160000 r--s 00176000 08:04 53873556                   /soft/hadoop-2.9.1/share/hadoop/mapreduce/hadoop-mapreduce-client-jobclient-2.9.1-tests.jar
7f431d160000-7f431d164000 r--s 00035000 08:04 53873552                   /soft/hadoop-2.9.1/share/hadoop/mapreduce/lib/jackson-core-asl-1.9.13.jar
7f431d164000-7f431d166000 r--s 0000e000 08:04 53873541                   /soft/hadoop-2.9.1/share/hadoop/mapreduce/lib/guice-servlet-3.0.jar
7f431d166000-7f431d167000 r--s 00003000 08:04 53873530                   /soft/hadoop-2.9.1/share/hadoop/mapreduce/lib/jersey-guice-1.9.jar
7f431d167000-7f431d16c000 r--s 00036000 08:04 53873536                   /soft/hadoop-2.9.1/share/hadoop/mapreduce/lib/commons-compress-1.4.1.jar
7f431d16c000-7f431d17b000 r--s 0009f000 08:04 53873545                   /soft/hadoop-2.9.1/share/hadoop/mapreduce/lib/guice-3.0.jar
7f431d17b000-7f431d17f000 r--s 0002a000 08:04 53873546                   /soft/hadoop-2.9.1/share/hadoop/mapreduce/lib/commons-io-2.4.jar
7f431d17f000-7f431d182000 r--s 000fd000 08:04 53873533                   /soft/hadoop-2.9.1/share/hadoop/mapreduce/lib/leveldbjni-all-1.8.jar
7f431d182000-7f431d183000 r--s 0000a000 08:04 53873535                   /soft/hadoop-2.9.1/share/hadoop/mapreduce/lib/asm-3.2.jar
7f431d183000-7f431d18d000 r--s 00066000 08:04 53873538                   /soft/hadoop-2.9.1/share/hadoop/mapreduce/lib/jersey-core-1.9.jar
7f431d18d000-7f431d193000 r--s 00036000 08:04 53873531                   /soft/hadoop-2.9.1/share/hadoop/mapreduce/lib/junit-4.11.jar
7f431d193000-7f431d1a1000 r--s 000b1000 08:04 53873540                   /soft/hadoop-2.9.1/share/hadoop/mapreduce/lib/jackson-mapper-asl-1.9.13.jar
7f431d1a1000-7f431d1a9000 r--s 0007b000 08:04 53873534                   /soft/hadoop-2.9.1/share/hadoop/mapreduce/lib/protobuf-java-2.5.0.jar
7f431d1a9000-7f431d1ab000 r--s 0000a000 08:04 53873537                   /soft/hadoop-2.9.1/share/hadoop/mapreduce/lib/hadoop-annotations-2.9.1.jar
7f431d1ab000-7f431d1b4000 r--s 00062000 08:04 53873544                   /soft/hadoop-2.9.1/share/hadoop/mapreduce/lib/avro-1.7.7.jar
7f431d1b4000-7f431d1b6000 r--s 00009000 08:04 53873550                   /soft/hadoop-2.9.1/share/hadoop/mapreduce/lib/hamcrest-core-1.3.jar
7f431d1b6000-7f431d1bf000 r--s 0006f000 08:04 53873539                   /soft/hadoop-2.9.1/share/hadoop/mapreduce/lib/log4j-1.2.17.jar
7f431d1bf000-7f431d1c1000 r--s 00006000 08:04 53873543                   /soft/hadoop-2.9.1/share/hadoop/mapreduce/lib/paranamer-2.3.jar
7f431d1c1000-7f431d1d3000 r--s 0009d000 08:04 53873532                   /soft/hadoop-2.9.1/share/hadoop/mapreduce/lib/jersey-server-1.9.jar
7f431d1d3000-7f431d1d5000 r--s 00130000 08:04 53873547                   /soft/hadoop-2.9.1/share/hadoop/mapreduce/lib/snappy-java-1.0.5.jar
7f431d1d5000-7f431d1d9000 r--s 00014000 08:04 53873542                   /soft/hadoop-2.9.1/share/hadoop/mapreduce/lib/xz-1.0.jar
7f431d1d9000-7f431d1f0000 r--s 0010e000 08:04 53873548                   /soft/hadoop-2.9.1/share/hadoop/mapreduce/lib/netty-3.6.2.Final.jar
7f431d1f0000-7f431d1f2000 r--s 00000000 08:04 53873551                   /soft/hadoop-2.9.1/share/hadoop/mapreduce/lib/aopalliance-1.0.jar
7f431d1f2000-7f431d1f3000 r--s 00000000 08:04 53873549                   /soft/hadoop-2.9.1/share/hadoop/mapreduce/lib/javax.inject-1.jar
7f431d1f3000-7f431d1f6000 r--s 0001d000 08:04 53874313                   /soft/hadoop-2.9.1/share/hadoop/yarn/hadoop-yarn-registry-2.9.1.jar
7f431d1f6000-7f431d1f8000 r--s 0000f000 08:04 53874229                   /soft/hadoop-2.9.1/share/hadoop/yarn/hadoop-yarn-server-web-proxy-2.9.1.jar
7f431d1f8000-7f431d20e000 r--s 00129000 08:04 53874308                   /soft/hadoop-2.9.1/share/hadoop/yarn/hadoop-yarn-server-common-2.9.1.jar
7f431d20e000-7f431d20f000 r--s 00007000 08:04 53874146                   /soft/hadoop-2.9.1/share/hadoop/yarn/hadoop-yarn-server-tests-2.9.1.jar
7f431d20f000-7f431d22e000 r--s 001b6000 08:04 53874309                   /soft/hadoop-2.9.1/share/hadoop/yarn/hadoop-yarn-server-resourcemanager-2.9.1.jar
7f431d22e000-7f431d230000 r--s 0001f000 08:04 53874334                   /soft/hadoop-2.9.1/share/hadoop/yarn/hadoop-yarn-server-router-2.9.1.jar
7f431d230000-7f431d232000 r--s 00012000 08:04 53874315                   /soft/hadoop-2.9.1/share/hadoop/yarn/hadoop-yarn-server-sharedcachemanager-2.9.1.jar
7f431d232000-7f431d246000 r--s 000fb000 08:04 53874226                   /soft/hadoop-2.9.1/share/hadoop/yarn/hadoop-yarn-server-nodemanager-2.9.1.jar
7f431d246000-7f431d248000 r--s 00012000 08:04 53874228                   /soft/hadoop-2.9.1/share/hadoop/yarn/hadoop-yarn-server-timeline-pluginstorage-2.9.1.jar
7f431d248000-7f431d26e000 r--s 00281000 08:04 53874336                   /soft/hadoop-2.9.1/share/hadoop/yarn/hadoop-yarn-api-2.9.1.jar
7f431d26e000-7f431d277000 r--s 0007c000 08:04 53874337                   /soft/hadoop-2.9.1/share/hadoop/yarn/hadoop-yarn-server-applicationhistoryservice-2.9.1.jar
7f431d277000-7f431d27b000 r--s 00040000 08:04 53874314                   /soft/hadoop-2.9.1/share/hadoop/yarn/hadoop-yarn-client-2.9.1.jar
7f431d27b000-7f431d27c000 r--s 0000a000 08:04 53874312                   /soft/hadoop-2.9.1/share/hadoop/yarn/hadoop-yarn-applications-unmanaged-am-launcher-2.9.1.jar
7f431d27c000-7f431d27e000 r--s 00013000 08:04 53874333                   /soft/hadoop-2.9.1/share/hadoop/yarn/hadoop-yarn-applications-distributedshell-2.9.1.jar
7f431d27e000-7f431d29a000 r--s 001ce000 08:04 53874227                   /soft/hadoop-2.9.1/share/hadoop/yarn/hadoop-yarn-common-2.9.1.jar
7f431d29a000-7f431d29e000 r--s 00035000 08:04 53874305                   /soft/hadoop-2.9.1/share/hadoop/yarn/lib/jackson-core-asl-1.9.13.jar
7f431d29e000-7f431d2a1000 r--s 0001d000 08:04 53874244                   /soft/hadoop-2.9.1/share/hadoop/yarn/lib/jersey-client-1.9.jar
7f431d2a1000-7f431d2b3000 r--s 00097000 08:04 53874281                   /soft/hadoop-2.9.1/share/hadoop/yarn/lib/apacheds-kerberos-codec-2.0.0-M15.jar
7f431d2b3000-7f431d2b7000 r--s 00020000 08:04 53874249                   /soft/hadoop-2.9.1/share/hadoop/yarn/lib/commons-digester-1.8.jar
7f431d2b7000-7f431d2ba000 r--s 00006000 08:04 53874239                   /soft/hadoop-2.9.1/share/hadoop/yarn/lib/jsr305-3.0.0.jar
7f431d2ba000-7f431d2bc000 r--s 0000e000 08:04 53874269                   /soft/hadoop-2.9.1/share/hadoop/yarn/lib/guice-servlet-3.0.jar
7f431d2bc000-7f431d2bd000 r--s 00003000 08:04 53874231                   /soft/hadoop-2.9.1/share/hadoop/yarn/lib/jersey-guice-1.9.jar
7f431d2bd000-7f431d2c5000 r--s 0003b000 08:04 53874238                   /soft/hadoop-2.9.1/share/hadoop/yarn/lib/curator-recipes-2.7.1.jar
7f431d2c5000-7f431d2cc000 r--s 0007d000 08:04 53874304                   /soft/hadoop-2.9.1/share/hadoop/yarn/lib/jetty-6.1.26.jar
7f431d2cc000-7f431d2cd000 r--s 0000a000 08:04 53874251                   /soft/hadoop-2.9.1/share/hadoop/yarn/lib/apacheds-i18n-2.0.0-M15.jar
7f431d2cd000-7f431d2d0000 r--s 00017000 08:04 53874265                   /soft/hadoop-2.9.1/share/hadoop/yarn/lib/jaxb-api-2.2.2.jar
7f431d2d0000-7f431d2f6000 r--s 00180000 08:04 53874291                   /soft/hadoop-2.9.1/share/hadoop/yarn/lib/ehcache-3.3.1.jar
7f431d2f6000-7f431d2f8000 r--s 0000e000 08:04 53874301                   /soft/hadoop-2.9.1/share/hadoop/yarn/lib/activation-1.1.jar
7f431d2f8000-7f431d2ff000 r--s 00064000 08:04 53874261                   /soft/hadoop-2.9.1/share/hadoop/yarn/lib/commons-lang3-3.4.jar
7f431d2ff000-7f431d301000 r--s 0000d000 08:04 53874246                   /soft/hadoop-2.9.1/share/hadoop/yarn/lib/java-util-1.9.0.jar
7f431d301000-7f431d306000 r--s 00036000 08:04 53874253                   /soft/hadoop-2.9.1/share/hadoop/yarn/lib/commons-compress-1.4.1.jar
7f431d306000-7f431d313000 r--s 000a7000 08:04 53874256                   /soft/hadoop-2.9.1/share/hadoop/yarn/lib/httpclient-4.5.2.jar
7f431d313000-7f431d31f000 r--s 000b6000 08:04 53874248                   /soft/hadoop-2.9.1/share/hadoop/yarn/lib/zookeeper-3.4.6.jar
7f431d31f000-7f431d325000 r--s 00028000 08:04 53874240                   /soft/hadoop-2.9.1/share/hadoop/yarn/lib/curator-framework-2.7.1.jar
7f431d325000-7f431d32b000 r--s 00043000 08:04 53874242                   /soft/hadoop-2.9.1/share/hadoop/yarn/lib/commons-configuration-1.6.jar
7f431d32b000-7f431d33a000 r--s 0009f000 08:04 53874278                   /soft/hadoop-2.9.1/share/hadoop/yarn/lib/guice-3.0.jar
7f431d33a000-7f431d34d000 r--s 000c7000 08:04 53874290                   /soft/hadoop-2.9.1/share/hadoop/yarn/lib/jaxb-impl-2.2.3-1.jar
7f431d34d000-7f431d351000 r--s 0002a000 08:04 53874282                   /soft/hadoop-2.9.1/share/hadoop/yarn/lib/commons-io-2.4.jar
7f431d351000-7f431d354000 r--s 000fd000 08:04 53874245                   /soft/hadoop-2.9.1/share/hadoop/yarn/lib/leveldbjni-all-1.8.jar
7f431d354000-7f431d355000 r--s 0000a000 08:04 53874252                   /soft/hadoop-2.9.1/share/hadoop/yarn/lib/asm-3.2.jar
7f431d355000-7f431d356000 r--s 00004000 08:04 53874241                   /soft/hadoop-2.9.1/share/hadoop/yarn/lib/jackson-jaxrs-1.9.13.jar
7f431d356000-7f431d358000 r--s 0000e000 08:04 53874271                   /soft/hadoop-2.9.1/share/hadoop/yarn/lib/commons-logging-1.1.3.jar
7f431d358000-7f431d35a000 r--s 00018000 08:04 53874283                   /soft/hadoop-2.9.1/share/hadoop/yarn/lib/servlet-api-2.5.jar
7f431d35a000-7f431d35b000 r--s 00004000 08:04 53874296                   /soft/hadoop-2.9.1/share/hadoop/yarn/lib/java-xmlbuilder-0.4.jar
7f431d35b000-7f431d35d000 r--s 00000000 08:04 53874236                   /soft/hadoop-2.9.1/share/hadoop/yarn/lib/jcip-annotations-1.0-1.jar
7f431d35d000-7f431d35f000 r--s 00003000 08:04 53874280                   /soft/hadoop-2.9.1/share/hadoop/yarn/lib/api-asn1-api-1.0.0-M20.jar
7f431d35f000-7f431d37c000 r--s 0016a000 08:04 53874273                   /soft/hadoop-2.9.1/share/hadoop/yarn/lib/commons-math3-3.1.1.jar
7f431d37c000-7f431d389000 r--s 00083000 08:04 53874279                   /soft/hadoop-2.9.1/share/hadoop/yarn/lib/commons-collections-3.2.2.jar
7f431d389000-7f431d38c000 r--s 00011000 08:04 53874295                   /soft/hadoop-2.9.1/share/hadoop/yarn/lib/json-smart-1.3.1.jar
7f431d38c000-7f431d393000 r--s 00049000 08:04 53874307                   /soft/hadoop-2.9.1/share/hadoop/yarn/lib/httpcore-4.4.4.jar
7f431d393000-7f431d397000 r--s 0002f000 08:04 53874268                   /soft/hadoop-2.9.1/share/hadoop/yarn/lib/commons-beanutils-core-1.8.0.jar
7f431d397000-7f431d39c000 r--s 0003e000 08:04 53874237                   /soft/hadoop-2.9.1/share/hadoop/yarn/lib/commons-net-3.1.jar
7f431d39c000-7f431d39f000 r--s 0000b000 08:04 53874263                   /soft/hadoop-2.9.1/share/hadoop/yarn/lib/geronimo-jcache_1.0_spec-1.0-alpha-1.jar
7f431d39f000-7f431d3a3000 r--s 00028000 08:04 53874258                   /soft/hadoop-2.9.1/share/hadoop/yarn/lib/jetty-util-6.1.26.jar
7f431d3a3000-7f431d3a4000 r--s 00004000 08:04 53874277                   /soft/hadoop-2.9.1/share/hadoop/yarn/lib/jetty-sslengine-6.1.26.jar
7f431d3a4000-7f431d3ad000 r--s 0007b000 08:04 53874298                   /soft/hadoop-2.9.1/share/hadoop/yarn/lib/jets3t-0.9.0.jar
7f431d3ad000-7f431d3b7000 r--s 00066000 08:04 53874257                   /soft/hadoop-2.9.1/share/hadoop/yarn/lib/jersey-core-1.9.jar
7f431d3b7000-7f431d3b9000 r--s 00011000 08:04 53874306                   /soft/hadoop-2.9.1/share/hadoop/yarn/lib/json-io-2.5.1.jar
7f431d3b9000-7f431d3be000 r--s 0002a000 08:04 53874259                   /soft/hadoop-2.9.1/share/hadoop/yarn/lib/commons-beanutils-1.7.0.jar
7f431d3be000-7f431d3cc000 r--s 000b1000 08:04 53874266                   /soft/hadoop-2.9.1/share/hadoop/yarn/lib/jackson-mapper-asl-1.9.13.jar
7f431d3cc000-7f431d3d2000 r--s 00044000 08:04 53874297                   /soft/hadoop-2.9.1/share/hadoop/yarn/lib/nimbus-jose-jwt-4.41.1.jar
7f431d3d2000-7f431d3d5000 r--s 0001e000 08:04 53874235                   /soft/hadoop-2.9.1/share/hadoop/yarn/lib/HikariCP-java7-2.4.12.jar
7f431d3d5000-7f431d3dd000 r--s 0007b000 08:04 53874247                   /soft/hadoop-2.9.1/share/hadoop/yarn/lib/protobuf-java-2.5.0.jar
7f431d3dd000-7f431d3e0000 r--s 00012000 08:04 53874287                   /soft/hadoop-2.9.1/share/hadoop/yarn/lib/metrics-core-3.0.1.jar
7f431d3e0000-7f431d3e2000 r--s 0000f000 08:04 53874288                   /soft/hadoop-2.9.1/share/hadoop/yarn/lib/curator-client-2.7.1.jar
7f431d3e2000-7f431d3eb000 r--s 00062000 08:04 53874275                   /soft/hadoop-2.9.1/share/hadoop/yarn/lib/avro-1.7.7.jar
7f431d3eb000-7f431d40c000 r--s 00172000 08:04 53874303                   /soft/hadoop-2.9.1/share/hadoop/yarn/lib/guava-11.0.2.jar
7f431d40c000-7f431d411000 r--s 00040000 08:04 53874276                   /soft/hadoop-2.9.1/share/hadoop/yarn/lib/jsch-0.1.54.jar
7f431d411000-7f431d413000 r--s 00004000 08:04 53874250                   /soft/hadoop-2.9.1/share/hadoop/yarn/lib/stax-api-1.0-2.jar
7f431d413000-7f431d415000 r--s 0000f000 08:04 53874302                   /soft/hadoop-2.9.1/share/hadoop/yarn/lib/jettison-1.1.jar
7f431d415000-7f431d41e000 r--s 0006f000 08:04 53874260                   /soft/hadoop-2.9.1/share/hadoop/yarn/lib/log4j-1.2.17.jar
7f431d41e000-7f431d420000 r--s 00006000 08:04 53874272                   /soft/hadoop-2.9.1/share/hadoop/yarn/lib/paranamer-2.3.jar
7f431d420000-7f431d422000 r--s 00012000 08:04 53874255                   /soft/hadoop-2.9.1/share/hadoop/yarn/lib/api-util-1.0.0-M20.jar
7f431d422000-7f431d423000 r--s 00003000 08:04 53874232                   /soft/hadoop-2.9.1/share/hadoop/yarn/lib/xmlenc-0.52.jar
7f431d423000-7f431d43d000 r--s 00155000 08:04 53874262                   /soft/hadoop-2.9.1/share/hadoop/yarn/lib/htrace-core4-4.1.0-incubating.jar
7f431d43d000-7f431d442000 r--s 00041000 08:04 53874254                   /soft/hadoop-2.9.1/share/hadoop/yarn/lib/commons-lang-2.6.jar
7f431d442000-7f431d454000 r--s 0009d000 08:04 53874243                   /soft/hadoop-2.9.1/share/hadoop/yarn/lib/jersey-server-1.9.jar
7f431d454000-7f431d457000 r--s 00016000 08:04 53874286                   /soft/hadoop-2.9.1/share/hadoop/yarn/lib/jsp-api-2.1.jar
7f431d457000-7f431d458000 r--s 00006000 08:04 53874300                   /soft/hadoop-2.9.1/share/hadoop/yarn/lib/jackson-xc-1.9.13.jar
7f431d458000-7f431d45a000 r--s 0000d000 08:04 53874293                   /soft/hadoop-2.9.1/share/hadoop/yarn/lib/commons-codec-1.4.jar
7f431d45a000-7f431d460000 r--s 00078000 08:04 53874264                   /soft/hadoop-2.9.1/share/hadoop/yarn/lib/woodstox-core-5.0.3.jar
7f431d460000-7f431d462000 r--s 00130000 08:04 53874284                   /soft/hadoop-2.9.1/share/hadoop/yarn/lib/snappy-java-1.0.5.jar
7f431d462000-7f431d469000 r--s 00058000 08:04 53874234                   /soft/hadoop-2.9.1/share/hadoop/yarn/lib/fst-2.50.jar
7f431d469000-7f431d46d000 r--s 00024000 08:04 53874274                   /soft/hadoop-2.9.1/share/hadoop/yarn/lib/stax2-api-3.1.4.jar
7f431d46d000-7f431d471000 r--s 00014000 08:04 53874270                   /soft/hadoop-2.9.1/share/hadoop/yarn/lib/xz-1.0.jar
7f431d471000-7f431d488000 r--s 0010e000 08:04 53874289                   /soft/hadoop-2.9.1/share/hadoop/yarn/lib/netty-3.6.2.Final.jar
7f431d488000-7f431d48a000 r--s 00009000 08:04 53874292                   /soft/hadoop-2.9.1/share/hadoop/yarn/lib/commons-cli-1.2.jar
7f431d48a000-7f431d493000 r--s 000b9000 08:04 53874233                   /soft/hadoop-2.9.1/share/hadoop/yarn/lib/mssql-jdbc-6.2.1.jre7.jar
7f431d493000-7f431d495000 r--s 00000000 08:04 53874299                   /soft/hadoop-2.9.1/share/hadoop/yarn/lib/aopalliance-1.0.jar
7f431d495000-7f431d499000 r--s 00021000 08:04 53874285                   /soft/hadoop-2.9.1/share/hadoop/yarn/lib/jersey-json-1.9.jar
7f431d499000-7f431d49e000 r--s 0002a000 08:04 53874267                   /soft/hadoop-2.9.1/share/hadoop/yarn/lib/gson-2.2.4.jar
7f431d49e000-7f431d49f000 r--s 00000000 08:04 53874294                   /soft/hadoop-2.9.1/share/hadoop/yarn/lib/javax.inject-1.jar
7f431d49f000-7f431d4dd000 r--s 00494000 08:04 53873572                   /soft/hadoop-2.9.1/share/hadoop/hdfs/hadoop-hdfs-2.9.1.jar
7f431d4dd000-7f431d517000 r--s 003bf000 08:04 53873689                   /soft/hadoop-2.9.1/share/hadoop/hdfs/hadoop-hdfs-client-2.9.1.jar
7f431d517000-7f431d51b000 r--s 00033000 08:04 53873686                   /soft/hadoop-2.9.1/share/hadoop/hdfs/hadoop-hdfs-rbf-2.9.1-tests.jar
7f431d51b000-7f431d51c000 r--s 00007000 08:04 53873685                   /soft/hadoop-2.9.1/share/hadoop/hdfs/hadoop-hdfs-native-client-2.9.1-tests.jar
7f431d51c000-7f431d51e000 r--s 0001f000 08:04 53873684                   /soft/hadoop-2.9.1/share/hadoop/hdfs/hadoop-hdfs-nfs-2.9.1.jar
7f431d51e000-7f431d52c000 r--s 000b8000 08:04 53873692                   /soft/hadoop-2.9.1/share/hadoop/hdfs/hadoop-hdfs-rbf-2.9.1.jar
7f431d52c000-7f431d558000 r--s 003de000 08:04 53873641                   /soft/hadoop-2.9.1/share/hadoop/hdfs/hadoop-hdfs-2.9.1-tests.jar
7f431d558000-7f431d55b000 r--s 0001b000 08:04 53873687                   /soft/hadoop-2.9.1/share/hadoop/hdfs/hadoop-hdfs-client-2.9.1-tests.jar
7f431d55b000-7f431d55c000 r--s 00007000 08:04 53873688                   /soft/hadoop-2.9.1/share/hadoop/hdfs/hadoop-hdfs-native-client-2.9.1.jar
7f431d55c000-7f431d56d000 r--s 00116000 08:04 53873663                   /soft/hadoop-2.9.1/share/hadoop/hdfs/lib/jackson-databind-2.7.8.jar
7f431d56d000-7f431d571000 r--s 00035000 08:04 53873683                   /soft/hadoop-2.9.1/share/hadoop/hdfs/lib/jackson-core-asl-1.9.13.jar
7f431d571000-7f431d574000 r--s 00006000 08:04 53873656                   /soft/hadoop-2.9.1/share/hadoop/hdfs/lib/jsr305-3.0.0.jar
7f431d574000-7f431d57b000 r--s 0007d000 08:04 53873682                   /soft/hadoop-2.9.1/share/hadoop/hdfs/lib/jetty-6.1.26.jar
7f431d57b000-7f431d57c000 r--s 00005000 08:04 53873655                   /soft/hadoop-2.9.1/share/hadoop/hdfs/lib/commons-daemon-1.0.13.jar
7f431d57c000-7f431d580000 r--s 0002a000 08:04 53873673                   /soft/hadoop-2.9.1/share/hadoop/hdfs/lib/commons-io-2.4.jar
7f431d580000-7f431d583000 r--s 000fd000 08:04 53873658                   /soft/hadoop-2.9.1/share/hadoop/hdfs/lib/leveldbjni-all-1.8.jar
7f431d583000-7f431d585000 r--s 0000f000 08:04 53873671                   /soft/hadoop-2.9.1/share/hadoop/hdfs/lib/okio-1.6.0.jar
7f431d585000-7f431d586000 r--s 0000a000 08:04 53873661                   /soft/hadoop-2.9.1/share/hadoop/hdfs/lib/asm-3.2.jar
7f431d586000-7f431d588000 r--s 0000e000 08:04 53873669                   /soft/hadoop-2.9.1/share/hadoop/hdfs/lib/commons-logging-1.1.3.jar
7f431d588000-7f431d5c2000 r--s 003bf000 08:04 53873679                   /soft/hadoop-2.9.1/share/hadoop/hdfs/lib/hadoop-hdfs-client-2.9.1.jar
7f431d5c2000-7f431d5c4000 r--s 00018000 08:04 53873674                   /soft/hadoop-2.9.1/share/hadoop/hdfs/lib/servlet-api-2.5.jar
7f431d5c4000-7f431d5e1000 r--s 00196000 08:04 53873660                   /soft/hadoop-2.9.1/share/hadoop/hdfs/lib/netty-all-4.0.23.Final.jar
7f431d5e1000-7f431d5f9000 r--s 00115000 08:04 53873670                   /soft/hadoop-2.9.1/share/hadoop/hdfs/lib/xercesImpl-2.9.1.jar
7f431d5f9000-7f431d5fd000 r--s 00028000 08:04 53873665                   /soft/hadoop-2.9.1/share/hadoop/hdfs/lib/jetty-util-6.1.26.jar
7f431d5fd000-7f431d607000 r--s 00066000 08:04 53873664                   /soft/hadoop-2.9.1/share/hadoop/hdfs/lib/jersey-core-1.9.jar
7f431d607000-7f431d60a000 r--s 0003b000 08:04 53873653                   /soft/hadoop-2.9.1/share/hadoop/hdfs/lib/jackson-core-2.7.8.jar
7f431d60a000-7f431d618000 r--s 000b1000 08:04 53873668                   /soft/hadoop-2.9.1/share/hadoop/hdfs/lib/jackson-mapper-asl-1.9.13.jar
7f431d618000-7f431d620000 r--s 0007b000 08:04 53873659                   /soft/hadoop-2.9.1/share/hadoop/hdfs/lib/protobuf-java-2.5.0.jar
7f431d620000-7f431d623000 r--s 0000a000 08:04 53873672                   /soft/hadoop-2.9.1/share/hadoop/hdfs/lib/jackson-annotations-2.7.8.jar
7f431d623000-7f431d644000 r--s 00172000 08:04 53873681                   /soft/hadoop-2.9.1/share/hadoop/hdfs/lib/guava-11.0.2.jar
7f431d644000-7f431d64c000 r--s 00028000 08:04 53873680                   /soft/hadoop-2.9.1/share/hadoop/hdfs/lib/xml-apis-1.3.04.jar
7f431d64c000-7f431d655000 r--s 0006f000 08:04 53873666                   /soft/hadoop-2.9.1/share/hadoop/hdfs/lib/log4j-1.2.17.jar
7f431d655000-7f431d656000 r--s 00003000 08:04 53873654                   /soft/hadoop-2.9.1/share/hadoop/hdfs/lib/xmlenc-0.52.jar
7f431d656000-7f431d670000 r--s 00155000 08:04 53873667                   /soft/hadoop-2.9.1/share/hadoop/hdfs/lib/htrace-core4-4.1.0-incubating.jar
7f431d670000-7f431d675000 r--s 00041000 08:04 53873662                   /soft/hadoop-2.9.1/share/hadoop/hdfs/lib/commons-lang-2.6.jar
7f431d675000-7f431d687000 r--s 0009d000 08:04 53873657                   /soft/hadoop-2.9.1/share/hadoop/hdfs/lib/jersey-server-1.9.jar
7f431d687000-7f431d689000 r--s 0000d000 08:04 53873677                   /soft/hadoop-2.9.1/share/hadoop/hdfs/lib/commons-codec-1.4.jar
7f431d689000-7f431d68e000 r--s 0004c000 08:04 53873678                   /soft/hadoop-2.9.1/share/hadoop/hdfs/lib/okhttp-2.7.5.jar
7f431d68e000-7f431d6a5000 r--s 0010e000 08:04 53873675                   /soft/hadoop-2.9.1/share/hadoop/hdfs/lib/netty-3.6.2.Final.jar
7f431d6a5000-7f431d6a7000 r--s 00009000 08:04 53873676                   /soft/hadoop-2.9.1/share/hadoop/hdfs/lib/commons-cli-1.2.jar
7f431d6a7000-7f431d6e2000 r--s 0037d000 08:04 53873315                   /soft/hadoop-2.9.1/share/hadoop/common/hadoop-common-2.9.1.jar
7f431d6e2000-7f431d6e7000 r--s 0002a000 08:04 53873314                   /soft/hadoop-2.9.1/share/hadoop/common/hadoop-nfs-2.9.1.jar
7f431d6e7000-7f431d70f000 r--s 00256000 08:04 53873243                   /soft/hadoop-2.9.1/share/hadoop/common/hadoop-common-2.9.1-tests.jar
7f431d70f000-7f431d713000 r--s 00035000 08:04 53873312                   /soft/hadoop-2.9.1/share/hadoop/common/lib/jackson-core-asl-1.9.13.jar
7f431d713000-7f431d725000 r--s 00097000 08:04 53873290                   /soft/hadoop-2.9.1/share/hadoop/common/lib/apacheds-kerberos-codec-2.0.0-M15.jar
7f431d725000-7f431d729000 r--s 00020000 08:04 53873258                   /soft/hadoop-2.9.1/share/hadoop/common/lib/commons-digester-1.8.jar
7f431d729000-7f431d72a000 r--s 00002000 08:04 53873271                   /soft/hadoop-2.9.1/share/hadoop/common/lib/slf4j-log4j12-1.7.25.jar
7f431d72a000-7f431d72d000 r--s 00006000 08:04 53873251                   /soft/hadoop-2.9.1/share/hadoop/common/lib/jsr305-3.0.0.jar
7f431d72d000-7f431d735000 r--s 0003b000 08:04 53873250                   /soft/hadoop-2.9.1/share/hadoop/common/lib/curator-recipes-2.7.1.jar
7f431d735000-7f431d73c000 r--s 0007d000 08:04 53873311                   /soft/hadoop-2.9.1/share/hadoop/common/lib/jetty-6.1.26.jar
7f431d73c000-7f431d73d000 r--s 0000a000 08:04 53873260                   /soft/hadoop-2.9.1/share/hadoop/common/lib/apacheds-i18n-2.0.0-M15.jar
7f431d73d000-7f431d740000 r--s 00017000 08:04 53873275                   /soft/hadoop-2.9.1/share/hadoop/common/lib/jaxb-api-2.2.2.jar
7f431d740000-7f431d742000 r--s 0000e000 08:04 53873308                   /soft/hadoop-2.9.1/share/hadoop/common/lib/activation-1.1.jar
7f431d742000-7f431d749000 r--s 00064000 08:04 53873272                   /soft/hadoop-2.9.1/share/hadoop/common/lib/commons-lang3-3.4.jar
7f431d749000-7f431d74e000 r--s 00036000 08:04 53873262                   /soft/hadoop-2.9.1/share/hadoop/common/lib/commons-compress-1.4.1.jar
7f431d74e000-7f431d75b000 r--s 000a7000 08:04 53873266                   /soft/hadoop-2.9.1/share/hadoop/common/lib/httpclient-4.5.2.jar
7f431d75b000-7f431d767000 r--s 000b6000 08:04 53873257                   /soft/hadoop-2.9.1/share/hadoop/common/lib/zookeeper-3.4.6.jar
7f431d767000-7f431d76d000 r--s 00028000 08:04 53873252                   /soft/hadoop-2.9.1/share/hadoop/common/lib/curator-framework-2.7.1.jar
7f431d76d000-7f431d773000 r--s 00043000 08:04 53873254                   /soft/hadoop-2.9.1/share/hadoop/common/lib/commons-configuration-1.6.jar
7f431d773000-7f431d786000 r--s 000c7000 08:04 53873299                   /soft/hadoop-2.9.1/share/hadoop/common/lib/jaxb-impl-2.2.3-1.jar
7f431d786000-7f431d78a000 r--s 0002a000 08:04 53873291                   /soft/hadoop-2.9.1/share/hadoop/common/lib/commons-io-2.4.jar
7f431d78a000-7f431d78b000 r--s 0000a000 08:04 53873261                   /soft/hadoop-2.9.1/share/hadoop/common/lib/asm-3.2.jar
7f431d78b000-7f431d78c000 r--s 00004000 08:04 53873253                   /soft/hadoop-2.9.1/share/hadoop/common/lib/jackson-jaxrs-1.9.13.jar
7f431d78c000-7f431d78e000 r--s 0000e000 08:04 53873280                   /soft/hadoop-2.9.1/share/hadoop/common/lib/commons-logging-1.1.3.jar
7f431d78e000-7f431d790000 r--s 00018000 08:04 53873293                   /soft/hadoop-2.9.1/share/hadoop/common/lib/servlet-api-2.5.jar
7f431d790000-7f431d791000 r--s 00004000 08:04 53873304                   /soft/hadoop-2.9.1/share/hadoop/common/lib/java-xmlbuilder-0.4.jar
7f431d791000-7f431d793000 r--s 00000000 08:04 53873246                   /soft/hadoop-2.9.1/share/hadoop/common/lib/jcip-annotations-1.0-1.jar
7f431d793000-7f431d795000 r--s 00003000 08:04 53873289                   /soft/hadoop-2.9.1/share/hadoop/common/lib/api-asn1-api-1.0.0-M20.jar
7f431d795000-7f431d797000 r--s 00009000 08:04 53873292                   /soft/hadoop-2.9.1/share/hadoop/common/lib/slf4j-api-1.7.25.jar
7f431d797000-7f431d7b4000 r--s 0016a000 08:04 53873282                   /soft/hadoop-2.9.1/share/hadoop/common/lib/commons-math3-3.1.1.jar
7f431d7b4000-7f431d7c1000 r--s 00083000 08:04 53873288                   /soft/hadoop-2.9.1/share/hadoop/common/lib/commons-collections-3.2.2.jar
7f431d7c1000-7f431d7c4000 r--s 00011000 08:04 53873303                   /soft/hadoop-2.9.1/share/hadoop/common/lib/json-smart-1.3.1.jar
7f431d7c4000-7f431d7cb000 r--s 00049000 08:04 53873313                   /soft/hadoop-2.9.1/share/hadoop/common/lib/httpcore-4.4.4.jar
7f431d7cb000-7f431d7cf000 r--s 0002f000 08:04 53873278                   /soft/hadoop-2.9.1/share/hadoop/common/lib/commons-beanutils-core-1.8.0.jar
7f431d7cf000-7f431d7d4000 r--s 0003e000 08:04 53873247                   /soft/hadoop-2.9.1/share/hadoop/common/lib/commons-net-3.1.jar
7f431d7d4000-7f431d7d8000 r--s 00028000 08:04 53873268                   /soft/hadoop-2.9.1/share/hadoop/common/lib/jetty-util-6.1.26.jar
7f431d7d8000-7f431d7e1000 r--s 0007b000 08:04 53873306                   /soft/hadoop-2.9.1/share/hadoop/common/lib/jets3t-0.9.0.jar
7f431d7e1000-7f431d7eb000 r--s 00066000 08:04 53873267                   /soft/hadoop-2.9.1/share/hadoop/common/lib/jersey-core-1.9.jar
7f431d7eb000-7f431d808000 r--s 0013e000 08:04 53873284                   /soft/hadoop-2.9.1/share/hadoop/common/lib/mockito-all-1.8.5.jar
7f431d808000-7f431d80e000 r--s 00036000 08:04 53873248                   /soft/hadoop-2.9.1/share/hadoop/common/lib/junit-4.11.jar
7f431d80e000-7f431d813000 r--s 0002a000 08:04 53873269                   /soft/hadoop-2.9.1/share/hadoop/common/lib/commons-beanutils-1.7.0.jar
7f431d813000-7f431d821000 r--s 000b1000 08:04 53873276                   /soft/hadoop-2.9.1/share/hadoop/common/lib/jackson-mapper-asl-1.9.13.jar
7f431d821000-7f431d827000 r--s 00044000 08:04 53873305                   /soft/hadoop-2.9.1/share/hadoop/common/lib/nimbus-jose-jwt-4.41.1.jar
7f431d827000-7f431d82f000 r--s 0007b000 08:04 53873256                   /soft/hadoop-2.9.1/share/hadoop/common/lib/protobuf-java-2.5.0.jar
7f431d82f000-7f431d831000 r--s 0000a000 08:04 53873264                   /soft/hadoop-2.9.1/share/hadoop/common/lib/hadoop-annotations-2.9.1.jar
7f431d831000-7f431d833000 r--s 0000f000 08:04 53873297                   /soft/hadoop-2.9.1/share/hadoop/common/lib/curator-client-2.7.1.jar
7f431d833000-7f431d83c000 r--s 00062000 08:04 53873285                   /soft/hadoop-2.9.1/share/hadoop/common/lib/avro-1.7.7.jar
7f431d83c000-7f431d83e000 r--s 00009000 08:04 53873302                   /soft/hadoop-2.9.1/share/hadoop/common/lib/hamcrest-core-1.3.jar
7f431d83e000-7f431d85f000 r--s 00172000 08:04 53873310                   /soft/hadoop-2.9.1/share/hadoop/common/lib/guava-11.0.2.jar
7f431d85f000-7f431d864000 r--s 00040000 08:04 53873286                   /soft/hadoop-2.9.1/share/hadoop/common/lib/jsch-0.1.54.jar
7f431d864000-7f431d866000 r--s 00004000 08:04 53873259                   /soft/hadoop-2.9.1/share/hadoop/common/lib/stax-api-1.0-2.jar
7f431d866000-7f431d86f000 r--s 0006f000 08:04 53873270                   /soft/hadoop-2.9.1/share/hadoop/common/lib/log4j-1.2.17.jar
7f431d86f000-7f431d889000 r--s 00155000 08:04 53873273                   /soft/hadoop-2.9.1/share/hadoop/common/lib/htrace-core4-4.1.0-incubating.jar
7f431d889000-7f431d89b000 r--s 0009d000 08:04 53873255                   /soft/hadoop-2.9.1/share/hadoop/common/lib/jersey-server-1.9.jar
7f431d89b000-7f431d89c000 ---p 00000000 00:00 0 
7f431d89c000-7f431d99c000 rw-p 00000000 00:00 0 
7f431d99c000-7f431d99f000 ---p 00000000 00:00 0 
7f431d99f000-7f431da9d000 rw-p 00000000 00:00 0 
7f431da9d000-7f431da9e000 ---p 00000000 00:00 0 
7f431da9e000-7f431daa1000 ---p 00000000 00:00 0 
7f431daa1000-7f431db9e000 rw-p 00000000 00:00 0 
7f431db9e000-7f431db9f000 ---p 00000000 00:00 0 
7f431db9f000-7f431dba2000 ---p 00000000 00:00 0 
7f431dba2000-7f431dc9f000 rw-p 00000000 00:00 0 
7f431dc9f000-7f431dca0000 ---p 00000000 00:00 0 
7f431dca0000-7f431dca3000 ---p 00000000 00:00 0 
7f431dca3000-7f431dda0000 rw-p 00000000 00:00 0 
7f431dda0000-7f431dda1000 ---p 00000000 00:00 0 
7f431dda1000-7f431dda4000 ---p 00000000 00:00 0 
7f431dda4000-7f431dea1000 rw-p 00000000 00:00 0 
7f431dea1000-7f431dea2000 ---p 00000000 00:00 0 
7f431dea2000-7f431dea5000 ---p 00000000 00:00 0 
7f431dea5000-7f431dfa2000 rw-p 00000000 00:00 0 
7f431dfa2000-7f431dfa3000 ---p 00000000 00:00 0 
7f431dfa3000-7f431dfa6000 ---p 00000000 00:00 0 
7f431dfa6000-7f431e0a3000 rw-p 00000000 00:00 0 
7f431e0a3000-7f431e0a4000 ---p 00000000 00:00 0 
7f431e0a4000-7f431e0a7000 ---p 00000000 00:00 0 
7f431e0a7000-7f431e1a4000 rw-p 00000000 00:00 0 
7f431e1a4000-7f431e1a5000 ---p 00000000 00:00 0 
7f431e1a5000-7f431e1a8000 ---p 00000000 00:00 0 
7f431e1a8000-7f431e2a5000 rw-p 00000000 00:00 0 
7f431e2a5000-7f431e2a6000 ---p 00000000 00:00 0 
7f431e2a6000-7f431e2a9000 ---p 00000000 00:00 0 
7f431e2a9000-7f431e3a6000 rw-p 00000000 00:00 0 
7f431e3a6000-7f431e3a7000 ---p 00000000 00:00 0 
7f431e3a7000-7f431e3aa000 ---p 00000000 00:00 0 
7f431e3aa000-7f431e4a7000 rw-p 00000000 00:00 0 
7f431e4a7000-7f431e4a8000 ---p 00000000 00:00 0 
7f431e4a8000-7f431e4ab000 ---p 00000000 00:00 0 
7f431e4ab000-7f431e5a8000 rw-p 00000000 00:00 0 
7f431e5a8000-7f431e5a9000 ---p 00000000 00:00 0 
7f431e5a9000-7f431e5ac000 ---p 00000000 00:00 0 
7f431e5ac000-7f431e6a9000 rw-p 00000000 00:00 0 
7f431e6a9000-7f431e6ac000 ---p 00000000 00:00 0 
7f431e6ac000-7f431e7aa000 rw-p 00000000 00:00 0 
7f431e7aa000-7f431e945000 r--p 00000000 08:04 185210758                  /usr/lib/locale/locale-archive
7f431e945000-7f431e948000 ---p 00000000 00:00 0 
7f431e948000-7f431ea46000 rw-p 00000000 00:00 0 
7f431ea46000-7f431ea49000 ---p 00000000 00:00 0 
7f431ea49000-7f431eb47000 rw-p 00000000 00:00 0 
7f431eb47000-7f431eb48000 ---p 00000000 00:00 0 
7f431eb48000-7f4320000000 rw-p 00000000 00:00 0 
7f4320000000-7f4320021000 rw-p 00000000 00:00 0 
7f4320021000-7f4324000000 ---p 00000000 00:00 0 
7f4324000000-7f4324021000 rw-p 00000000 00:00 0 
7f4324021000-7f4328000000 ---p 00000000 00:00 0 
7f4328000000-7f4328021000 rw-p 00000000 00:00 0 
7f4328021000-7f432c000000 ---p 00000000 00:00 0 
7f432c000000-7f432c021000 rw-p 00000000 00:00 0 
7f432c021000-7f4330000000 ---p 00000000 00:00 0 
7f4330000000-7f4330021000 rw-p 00000000 00:00 0 
7f4330021000-7f4334000000 ---p 00000000 00:00 0 
7f4334000000-7f4334021000 rw-p 00000000 00:00 0 
7f4334021000-7f4338000000 ---p 00000000 00:00 0 
7f4338000000-7f4338021000 rw-p 00000000 00:00 0 
7f4338021000-7f433c000000 ---p 00000000 00:00 0 
7f433c000000-7f433c001000 r--s 00004000 08:04 53873287                   /soft/hadoop-2.9.1/share/hadoop/common/lib/jetty-sslengine-6.1.26.jar
7f433c001000-7f433c003000 r--s 0000f000 08:04 53873309                   /soft/hadoop-2.9.1/share/hadoop/common/lib/jettison-1.1.jar
7f433c003000-7f433c005000 r--s 00006000 08:04 53873281                   /soft/hadoop-2.9.1/share/hadoop/common/lib/paranamer-2.3.jar
7f433c005000-7f433c007000 r--s 00012000 08:04 53873265                   /soft/hadoop-2.9.1/share/hadoop/common/lib/api-util-1.0.0-M20.jar
7f433c007000-7f433c008000 r--s 00003000 08:04 53873245                   /soft/hadoop-2.9.1/share/hadoop/common/lib/xmlenc-0.52.jar
7f433c008000-7f433c00d000 r--s 00041000 08:04 53873263                   /soft/hadoop-2.9.1/share/hadoop/common/lib/commons-lang-2.6.jar
7f433c00d000-7f433c010000 r--s 00016000 08:04 53873296                   /soft/hadoop-2.9.1/share/hadoop/common/lib/jsp-api-2.1.jar
7f433c010000-7f433c012000 r--s 0000d000 08:04 53873301                   /soft/hadoop-2.9.1/share/hadoop/common/lib/commons-codec-1.4.jar
7f433c012000-7f433c018000 r--s 00078000 08:04 53873274                   /soft/hadoop-2.9.1/share/hadoop/common/lib/woodstox-core-5.0.3.jar
7f433c018000-7f433c01b000 r--s 0001c000 08:04 53873249                   /soft/hadoop-2.9.1/share/hadoop/common/lib/hadoop-auth-2.9.1.jar
7f433c01b000-7f433c01f000 r--s 00024000 08:04 53873283                   /soft/hadoop-2.9.1/share/hadoop/common/lib/stax2-api-3.1.4.jar
7f433c01f000-7f433d8ae000 rw-p 00000000 00:00 0 
7f433d8ae000-7f433da88000 r--s 03d6b000 08:04 53085697                   /soft/jdk/jre/lib/rt.jar
7f433da88000-7f433f2e3000 rw-p 00000000 00:00 0 
7f433f2e3000-7f433f2e4000 ---p 00000000 00:00 0 
7f433f2e4000-7f433f3e4000 rw-p 00000000 00:00 0 
7f433f3e4000-7f433f3e5000 ---p 00000000 00:00 0 
7f433f3e5000-7f433f4e5000 rw-p 00000000 00:00 0 
7f433f4e5000-7f433f4e6000 ---p 00000000 00:00 0 
7f433f4e6000-7f433f5e6000 rw-p 00000000 00:00 0 
7f433f5e6000-7f433f5e7000 ---p 00000000 00:00 0 
7f433f5e7000-7f433f6e7000 rw-p 00000000 00:00 0 
7f433f6e7000-7f433f6e8000 ---p 00000000 00:00 0 
7f433f6e8000-7f433f7e8000 rw-p 00000000 00:00 0 
7f433f7e8000-7f433f7e9000 ---p 00000000 00:00 0 
7f433f7e9000-7f433f8e9000 rw-p 00000000 00:00 0 
7f433f8e9000-7f433f8ea000 ---p 00000000 00:00 0 
7f433f8ea000-7f433f9ea000 rw-p 00000000 00:00 0 
7f433f9ea000-7f433f9eb000 ---p 00000000 00:00 0 
7f433f9eb000-7f433faeb000 rw-p 00000000 00:00 0 
7f433faeb000-7f433faec000 ---p 00000000 00:00 0 
7f433faec000-7f433fbec000 rw-p 00000000 00:00 0 
7f433fbec000-7f433fbed000 ---p 00000000 00:00 0 
7f433fbed000-7f433fced000 rw-p 00000000 00:00 0 
7f433fced000-7f433fcee000 ---p 00000000 00:00 0 
7f433fcee000-7f433fdee000 rw-p 00000000 00:00 0 
7f433fdee000-7f433fdef000 ---p 00000000 00:00 0 
7f433fdef000-7f433ff95000 rw-p 00000000 00:00 0 
7f433ff95000-7f434094b000 ---p 00000000 00:00 0 
7f434094b000-7f43409f1000 rw-p 00000000 00:00 0 
7f43409f1000-7f43413a7000 ---p 00000000 00:00 0 
7f43413a7000-7f4341439000 rw-p 00000000 00:00 0 
7f4341439000-7f43418d5000 ---p 00000000 00:00 0 
7f43418d5000-7f43418ed000 rw-p 00000000 00:00 0 
7f43418ed000-7f4341c96000 ---p 00000000 00:00 0 
7f4341c96000-7f4342256000 rwxp 00000000 00:00 0 
7f4342256000-7f4350c96000 ---p 00000000 00:00 0 
7f4350c96000-7f4350cb1000 r-xp 00000000 08:04 53085842                   /soft/jdk/jre/lib/amd64/libzip.so
7f4350cb1000-7f4350eb1000 ---p 0001b000 08:04 53085842                   /soft/jdk/jre/lib/amd64/libzip.so
7f4350eb1000-7f4350eb2000 rw-p 0001b000 08:04 53085842                   /soft/jdk/jre/lib/amd64/libzip.so
7f4350eb2000-7f4350ebd000 r-xp 00000000 08:04 193463089                  /lib/x86_64-linux-gnu/libnss_files-2.27.so
7f4350ebd000-7f43510bc000 ---p 0000b000 08:04 193463089                  /lib/x86_64-linux-gnu/libnss_files-2.27.so
7f43510bc000-7f43510bd000 r--p 0000a000 08:04 193463089                  /lib/x86_64-linux-gnu/libnss_files-2.27.so
7f43510bd000-7f43510be000 rw-p 0000b000 08:04 193463089                  /lib/x86_64-linux-gnu/libnss_files-2.27.so
7f43510be000-7f43510c4000 rw-p 00000000 00:00 0 
7f43510c4000-7f43510db000 r-xp 00000000 08:04 193463086                  /lib/x86_64-linux-gnu/libnsl-2.27.so
7f43510db000-7f43512da000 ---p 00017000 08:04 193463086                  /lib/x86_64-linux-gnu/libnsl-2.27.so
7f43512da000-7f43512db000 r--p 00016000 08:04 193463086                  /lib/x86_64-linux-gnu/libnsl-2.27.so
7f43512db000-7f43512dc000 rw-p 00017000 08:04 193463086                  /lib/x86_64-linux-gnu/libnsl-2.27.so
7f43512dc000-7f43512de000 rw-p 00000000 00:00 0 
7f43512de000-7f43512e9000 r-xp 00000000 08:04 193463091                  /lib/x86_64-linux-gnu/libnss_nis-2.27.so
7f43512e9000-7f43514e8000 ---p 0000b000 08:04 193463091                  /lib/x86_64-linux-gnu/libnss_nis-2.27.so
7f43514e8000-7f43514e9000 r--p 0000a000 08:04 193463091                  /lib/x86_64-linux-gnu/libnss_nis-2.27.so
7f43514e9000-7f43514ea000 rw-p 0000b000 08:04 193463091                  /lib/x86_64-linux-gnu/libnss_nis-2.27.so
7f43514ea000-7f43514f2000 r-xp 00000000 08:04 193463087                  /lib/x86_64-linux-gnu/libnss_compat-2.27.so
7f43514f2000-7f43516f2000 ---p 00008000 08:04 193463087                  /lib/x86_64-linux-gnu/libnss_compat-2.27.so
7f43516f2000-7f43516f3000 r--p 00008000 08:04 193463087                  /lib/x86_64-linux-gnu/libnss_compat-2.27.so
7f43516f3000-7f43516f4000 rw-p 00009000 08:04 193463087                  /lib/x86_64-linux-gnu/libnss_compat-2.27.so
7f43516f4000-7f435171f000 r-xp 00000000 08:04 53085836                   /soft/jdk/jre/lib/amd64/libjava.so
7f435171f000-7f435191e000 ---p 0002b000 08:04 53085836                   /soft/jdk/jre/lib/amd64/libjava.so
7f435191e000-7f4351920000 rw-p 0002a000 08:04 53085836                   /soft/jdk/jre/lib/amd64/libjava.so
7f4351920000-7f435192d000 r-xp 00000000 08:04 53085852                   /soft/jdk/jre/lib/amd64/libverify.so
7f435192d000-7f4351b2d000 ---p 0000d000 08:04 53085852                   /soft/jdk/jre/lib/amd64/libverify.so
7f4351b2d000-7f4351b2f000 rw-p 0000d000 08:04 53085852                   /soft/jdk/jre/lib/amd64/libverify.so
7f4351b2f000-7f4351b36000 r-xp 00000000 08:04 193463111                  /lib/x86_64-linux-gnu/librt-2.27.so
7f4351b36000-7f4351d35000 ---p 00007000 08:04 193463111                  /lib/x86_64-linux-gnu/librt-2.27.so
7f4351d35000-7f4351d36000 r--p 00006000 08:04 193463111                  /lib/x86_64-linux-gnu/librt-2.27.so
7f4351d36000-7f4351d37000 rw-p 00007000 08:04 193463111                  /lib/x86_64-linux-gnu/librt-2.27.so
7f4351d37000-7f4351d3a000 r-xp 00000000 08:04 193463055                  /lib/x86_64-linux-gnu/libdl-2.27.so
7f4351d3a000-7f4351f39000 ---p 00003000 08:04 193463055                  /lib/x86_64-linux-gnu/libdl-2.27.so
7f4351f39000-7f4351f3a000 r--p 00002000 08:04 193463055                  /lib/x86_64-linux-gnu/libdl-2.27.so
7f4351f3a000-7f4351f3b000 rw-p 00003000 08:04 193463055                  /lib/x86_64-linux-gnu/libdl-2.27.so
7f4351f3b000-7f43520d8000 r-xp 00000000 08:04 193463077                  /lib/x86_64-linux-gnu/libm-2.27.so
7f43520d8000-7f43522d7000 ---p 0019d000 08:04 193463077                  /lib/x86_64-linux-gnu/libm-2.27.so
7f43522d7000-7f43522d8000 r--p 0019c000 08:04 193463077                  /lib/x86_64-linux-gnu/libm-2.27.so
7f43522d8000-7f43522d9000 rw-p 0019d000 08:04 193463077                  /lib/x86_64-linux-gnu/libm-2.27.so
7f43522d9000-7f43522f3000 r-xp 00000000 08:04 193463107                  /lib/x86_64-linux-gnu/libpthread-2.27.so
7f43522f3000-7f43524f2000 ---p 0001a000 08:04 193463107                  /lib/x86_64-linux-gnu/libpthread-2.27.so
7f43524f2000-7f43524f3000 r--p 00019000 08:04 193463107                  /lib/x86_64-linux-gnu/libpthread-2.27.so
7f43524f3000-7f43524f4000 rw-p 0001a000 08:04 193463107                  /lib/x86_64-linux-gnu/libpthread-2.27.so
7f43524f4000-7f43524f8000 rw-p 00000000 00:00 0 
7f43524f8000-7f43531d4000 r-xp 00000000 08:04 53085820                   /soft/jdk/jre/lib/amd64/server/libjvm.so
7f43531d4000-7f43533d4000 ---p 00cdc000 08:04 53085820                   /soft/jdk/jre/lib/amd64/server/libjvm.so
7f43533d4000-7f43534ae000 rw-p 00cdc000 08:04 53085820                   /soft/jdk/jre/lib/amd64/server/libjvm.so
7f43534ae000-7f43534f9000 rw-p 00000000 00:00 0 
7f43534f9000-7f43536e0000 r-xp 00000000 08:04 193463044                  /lib/x86_64-linux-gnu/libc-2.27.so
7f43536e0000-7f43538e0000 ---p 001e7000 08:04 193463044                  /lib/x86_64-linux-gnu/libc-2.27.so
7f43538e0000-7f43538e4000 r--p 001e7000 08:04 193463044                  /lib/x86_64-linux-gnu/libc-2.27.so
7f43538e4000-7f43538e6000 rw-p 001eb000 08:04 193463044                  /lib/x86_64-linux-gnu/libc-2.27.so
7f43538e6000-7f43538ea000 rw-p 00000000 00:00 0 
7f43538ea000-7f4353901000 r-xp 00000000 08:04 193463062                  /lib/x86_64-linux-gnu/libgcc_s.so.1
7f4353901000-7f4353b00000 ---p 00017000 08:04 193463062                  /lib/x86_64-linux-gnu/libgcc_s.so.1
7f4353b00000-7f4353b01000 r--p 00016000 08:04 193463062                  /lib/x86_64-linux-gnu/libgcc_s.so.1
7f4353b01000-7f4353b02000 rw-p 00017000 08:04 193463062                  /lib/x86_64-linux-gnu/libgcc_s.so.1
7f4353b02000-7f4353c7b000 r-xp 00000000 08:04 185210609                  /usr/lib/x86_64-linux-gnu/libstdc++.so.6.0.25
7f4353c7b000-7f4353e7b000 ---p 00179000 08:04 185210609                  /usr/lib/x86_64-linux-gnu/libstdc++.so.6.0.25
7f4353e7b000-7f4353e85000 r--p 00179000 08:04 185210609                  /usr/lib/x86_64-linux-gnu/libstdc++.so.6.0.25
7f4353e85000-7f4353e87000 rw-p 00183000 08:04 185210609                  /usr/lib/x86_64-linux-gnu/libstdc++.so.6.0.25
7f4353e87000-7f4353e8b000 rw-p 00000000 00:00 0 
7f4353e8b000-7f4353e9a000 r-xp 00000000 08:04 53873106                   /soft/hadoop-2.9.1/lib/native/libhdfs.so.0.0.0
7f4353e9a000-7f4354099000 ---p 0000f000 08:04 53873106                   /soft/hadoop-2.9.1/lib/native/libhdfs.so.0.0.0
7f4354099000-7f435409a000 r--p 0000e000 08:04 53873106                   /soft/hadoop-2.9.1/lib/native/libhdfs.so.0.0.0
7f435409a000-7f435409b000 rw-p 0000f000 08:04 53873106                   /soft/hadoop-2.9.1/lib/native/libhdfs.so.0.0.0
7f435409b000-7f43540c2000 r-xp 00000000 08:04 193463032                  /lib/x86_64-linux-gnu/ld-2.27.so
7f43540c2000-7f43540c3000 r--s 00006000 08:04 53873307                   /soft/hadoop-2.9.1/share/hadoop/common/lib/jackson-xc-1.9.13.jar
7f43540c3000-7f43540c7000 r--s 00014000 08:04 53873279                   /soft/hadoop-2.9.1/share/hadoop/common/lib/xz-1.0.jar
7f43540c7000-7f43540de000 r--s 0010e000 08:04 53873298                   /soft/hadoop-2.9.1/share/hadoop/common/lib/netty-3.6.2.Final.jar
7f43540de000-7f43541a2000 rw-p 00000000 00:00 0 
7f43541a2000-7f43541a3000 ---p 00000000 00:00 0 
7f43541a3000-7f43542a9000 rw-p 00000000 00:00 0 
7f43542a9000-7f43542ab000 r--s 00130000 08:04 53873294                   /soft/hadoop-2.9.1/share/hadoop/common/lib/snappy-java-1.0.5.jar
7f43542ab000-7f43542ad000 r--s 00009000 08:04 53873300                   /soft/hadoop-2.9.1/share/hadoop/common/lib/commons-cli-1.2.jar
7f43542ad000-7f43542b1000 r--s 00021000 08:04 53873295                   /soft/hadoop-2.9.1/share/hadoop/common/lib/jersey-json-1.9.jar
7f43542b1000-7f43542b6000 r--s 0002a000 08:04 53873277                   /soft/hadoop-2.9.1/share/hadoop/common/lib/gson-2.2.4.jar
7f43542b6000-7f43542be000 rw-s 00000000 08:04 31850526                   /tmp/hsperfdata_root/21466
7f43542be000-7f43542bf000 rw-p 00000000 00:00 0 
7f43542bf000-7f43542c0000 r--p 00000000 00:00 0 
7f43542c0000-7f43542c2000 rw-p 00000000 00:00 0 
7f43542c2000-7f43542c3000 r--p 00027000 08:04 193463032                  /lib/x86_64-linux-gnu/ld-2.27.so
7f43542c3000-7f43542c4000 rw-p 00028000 08:04 193463032                  /lib/x86_64-linux-gnu/ld-2.27.so
7f43542c4000-7f43542c5000 rw-p 00000000 00:00 0 
7ffc60f4f000-7ffc60f52000 ---p 00000000 00:00 0 
7ffc60f52000-7ffc6104f000 rw-p 00000000 00:00 0                          [stack]
7ffc610b0000-7ffc610b3000 r--p 00000000 00:00 0                          [vvar]
7ffc610b3000-7ffc610b5000 r-xp 00000000 00:00 0                          [vdso]
ffffffffff600000-ffffffffff601000 r-xp 00000000 00:00 0                  [vsyscall]

VM Arguments:
java_command: <unknown>
java_class_path (initial): /soft/hadoop-2.9.1/etc/hadoop:/soft/hadoop-2.9.1/share/hadoop/common/lib/gson-2.2.4.jar:/soft/hadoop-2.9.1/share/hadoop/common/lib/jersey-json-1.9.jar:/soft/hadoop-2.9.1/share/hadoop/common/lib/commons-cli-1.2.jar:/soft/hadoop-2.9.1/share/hadoop/common/lib/netty-3.6.2.Final.jar:/soft/hadoop-2.9.1/share/hadoop/common/lib/xz-1.0.jar:/soft/hadoop-2.9.1/share/hadoop/common/lib/stax2-api-3.1.4.jar:/soft/hadoop-2.9.1/share/hadoop/common/lib/snappy-java-1.0.5.jar:/soft/hadoop-2.9.1/share/hadoop/common/lib/hadoop-auth-2.9.1.jar:/soft/hadoop-2.9.1/share/hadoop/common/lib/woodstox-core-5.0.3.jar:/soft/hadoop-2.9.1/share/hadoop/common/lib/commons-codec-1.4.jar:/soft/hadoop-2.9.1/share/hadoop/common/lib/jackson-xc-1.9.13.jar:/soft/hadoop-2.9.1/share/hadoop/common/lib/jsp-api-2.1.jar:/soft/hadoop-2.9.1/share/hadoop/common/lib/jersey-server-1.9.jar:/soft/hadoop-2.9.1/share/hadoop/common/lib/commons-lang-2.6.jar:/soft/hadoop-2.9.1/share/hadoop/common/lib/htrace-core4-4.1.0-incubating.jar:/soft/hadoop-2.9.1/share/hadoop/common/lib/xmlenc-0.52.jar:/soft/hadoop-2.9.1/share/hadoop/common/lib/api-util-1.0.0-M20.jar:/soft/hadoop-2.9.1/share/hadoop/common/lib/paranamer-2.3.jar:/soft/hadoop-2.9.1/share/hadoop/common/lib/log4j-1.2.17.jar:/soft/hadoop-2.9.1/share/hadoop/common/lib/jettison-1.1.jar:/soft/hadoop-2.9.1/share/hadoop/common/lib/stax-api-1.0-2.jar:/soft/hadoop-2.9.1/share/hadoop/common/lib/jsch-0.1.54.jar:/soft/hadoop-2.9.1/share/hadoop/common/lib/guava-11.0.2.jar:/soft/hadoop-2.9.1/share/hadoop/common/lib/hamcrest-core-1.3.jar:/soft/hadoop-2.9.1/share/hadoop/common/lib/avro-1.7.7.jar:/soft/hadoop-2.9.1/share/hadoop/common/lib/curator-client-2.7.1.jar:/soft/hadoop-2.9.1/share/hadoop/common/lib/hadoop-annotations-2.9.1.jar:/soft/hadoop-2.9.1/share/hadoop/common/lib/protobuf-java-2.5.0.jar:/soft/hadoop-2.9.1/share/hadoop/common/lib/nimbus-jose-jwt-4.41.1.jar:/soft/hadoop-2.9.1/share/hadoop/common/lib/jackson-mapper-asl-1.9.13.jar:/soft/hadoop-2.9.1/shar
Launcher Type: generic

Environment Variables:
JAVA_HOME=/soft/jdk
PATH=/usr/local/cuda/bin:/soft/hadoop-2.9.1/bin:/soft/hadoop-2.9.1/sbin:/soft/spark-2.4.3-bin-hadoop2.7/bin:/soft/scala-2.11.12/bin:/usr/local/sbin:/usr/local/bin:/usr/sbin:/usr/bin:/sbin:/bin:/usr/games:/usr/local/games:/snap/bin:/soft/jdk/bin:/soft/zookeeper/bin:/soft/kafka/bin:/usr/local/sys//bin/:/usr/local/sbin:/usr/local/bin:/usr/sbin:/usr/bin:/sbin:/bin:/usr/games:/usr/local/games
LD_LIBRARY_PATH=/usr/local/cuda/lib64:/soft/jdk/jre/lib/amd64/server:/soft/hadoop-2.9.1/lib/native
SHELL=/bin/bash
DISPLAY=localhost:10.0

Signal Handlers:
SIGSEGV: [libjvm.so+0xad2a40], sa_mask[0]=11111111011111111101111111111110, sa_flags=SA_RESTART|SA_SIGINFO
SIGBUS: [libjvm.so+0xad2a40], sa_mask[0]=11111111011111111101111111111110, sa_flags=SA_RESTART|SA_SIGINFO
SIGFPE: [libjvm.so+0x92a610], sa_mask[0]=11111111011111111101111111111110, sa_flags=SA_RESTART|SA_SIGINFO
SIGPIPE: [libjvm.so+0x92a610], sa_mask[0]=11111111011111111101111111111110, sa_flags=SA_RESTART|SA_SIGINFO
SIGXFSZ: [libjvm.so+0x92a610], sa_mask[0]=11111111011111111101111111111110, sa_flags=SA_RESTART|SA_SIGINFO
SIGILL: [libjvm.so+0x92a610], sa_mask[0]=11111111011111111101111111111110, sa_flags=SA_RESTART|SA_SIGINFO
SIGUSR1: SIG_DFL, sa_mask[0]=00000000000000000000000000000000, sa_flags=none
SIGUSR2: [libjvm.so+0x92be70], sa_mask[0]=00000000000000000000000000000000, sa_flags=SA_RESTART|SA_SIGINFO
SIGHUP: [libjvm.so+0x92d270], sa_mask[0]=11111111011111111101111111111110, sa_flags=SA_RESTART|SA_SIGINFO
SIGINT: [libjvm.so+0x92d270], sa_mask[0]=11111111011111111101111111111110, sa_flags=SA_RESTART|SA_SIGINFO
SIGTERM: [libjvm.so+0x92d270], sa_mask[0]=11111111011111111101111111111110, sa_flags=SA_RESTART|SA_SIGINFO
SIGQUIT: [libjvm.so+0x92d270], sa_mask[0]=11111111011111111101111111111110, sa_flags=SA_RESTART|SA_SIGINFO


---------------  S Y S T E M  ---------------

OS:DISTRIB_ID=Ubuntu
DISTRIB_RELEASE=18.04
DISTRIB_CODENAME=bionic
DISTRIB_DESCRIPTION="Ubuntu 18.04.3 LTS"

uname:Linux 4.15.0-55-generic #60-Ubuntu SMP Tue Jul 2 18:22:20 UTC 2019 x86_64
libc:glibc 2.27 NPTL 2.27 
rlimit: STACK 8192k, CORE 0k, NPROC 126403, NOFILE 1048576, AS infinity
load average:0.24 0.21 0.17

/proc/meminfo:
MemTotal:       32583196 kB
MemFree:         9907948 kB
MemAvailable:   29007648 kB
Buffers:          242128 kB
Cached:         17789364 kB
SwapCached:            0 kB
Active:          4772540 kB
Inactive:       15865124 kB
Active(anon):    2608652 kB
Inactive(anon):      756 kB
Active(file):    2163888 kB
Inactive(file): 15864368 kB
Unevictable:          16 kB
Mlocked:              16 kB
SwapTotal:      33554428 kB
SwapFree:       33554428 kB
Dirty:               248 kB
Writeback:             0 kB
AnonPages:       2606596 kB
Mapped:           239512 kB
Shmem:              3240 kB
Slab:            1734952 kB
SReclaimable:    1543948 kB
SUnreclaim:       191004 kB
KernelStack:       14272 kB
PageTables:        32348 kB
NFS_Unstable:          0 kB
Bounce:                0 kB
WritebackTmp:          0 kB
CommitLimit:    49846024 kB
Committed_AS:    6522236 kB
VmallocTotal:   34359738367 kB
VmallocUsed:           0 kB
VmallocChunk:          0 kB
HardwareCorrupted:     0 kB
AnonHugePages:         0 kB
ShmemHugePages:        0 kB
ShmemPmdMapped:        0 kB
CmaTotal:              0 kB
CmaFree:               0 kB
HugePages_Total:       0
HugePages_Free:        0
HugePages_Rsvd:        0
HugePages_Surp:        0
Hugepagesize:       2048 kB
DirectMap4k:      407168 kB
DirectMap2M:    13914112 kB
DirectMap1G:    20971520 kB


CPU:total 16 (initial active 16) (8 cores per cpu, 2 threads per core) family 6 model 85 stepping 4, cmov, cx8, fxsr, mmx, sse, sse2, sse3, ssse3, sse4.1, sse4.2, popcnt, avx, avx2, aes, clmul, erms, rtm, 3dnowpref, lzcnt, ht, tsc, tscinvbit, bmi1, bmi2, adx

/proc/cpuinfo:
processor	: 0
vendor_id	: GenuineIntel
cpu family	: 6
model		: 85
model name	: Intel(R) Xeon(R) Silver 4110 CPU @ 2.10GHz
stepping	: 4
microcode	: 0x200005e
cpu MHz		: 800.260
cache size	: 11264 KB
physical id	: 0
siblings	: 8
core id		: 0
cpu cores	: 8
apicid		: 0
initial apicid	: 0
fpu		: yes
fpu_exception	: yes
cpuid level	: 22
wp		: yes
flags		: fpu vme de pse tsc msr pae mce cx8 apic sep mtrr pge mca cmov pat pse36 clflush dts acpi mmx fxsr sse sse2 ss ht tm pbe syscall nx pdpe1gb rdtscp lm constant_tsc art arch_perfmon pebs bts rep_good nopl xtopology nonstop_tsc cpuid aperfmperf pni pclmulqdq dtes64 ds_cpl vmx smx est tm2 ssse3 sdbg fma cx16 xtpr pdcm pcid dca sse4_1 sse4_2 x2apic movbe popcnt tsc_deadline_timer aes xsave avx f16c rdrand lahf_lm abm 3dnowprefetch cpuid_fault epb cat_l3 cdp_l3 invpcid_single pti intel_ppin ssbd mba ibrs ibpb stibp tpr_shadow vnmi flexpriority ept vpid fsgsbase tsc_adjust bmi1 hle avx2 smep bmi2 erms invpcid rtm cqm mpx rdt_a avx512f avx512dq rdseed adx smap clflushopt clwb intel_pt avx512cd avx512bw avx512vl xsaveopt xsavec xgetbv1 xsaves cqm_llc cqm_occup_llc cqm_mbm_total cqm_mbm_local dtherm ida arat pln pts hwp hwp_act_window hwp_epp hwp_pkg_req pku ospke md_clear flush_l1d
bugs		: cpu_meltdown spectre_v1 spectre_v2 spec_store_bypass l1tf mds
bogomips	: 4200.00
clflush size	: 64
cache_alignment	: 64
address sizes	: 46 bits physical, 48 bits virtual
power management:

processor	: 1
vendor_id	: GenuineIntel
cpu family	: 6
model		: 85
model name	: Intel(R) Xeon(R) Silver 4110 CPU @ 2.10GHz
stepping	: 4
microcode	: 0x200005e
cpu MHz		: 801.277
cache size	: 11264 KB
physical id	: 0
siblings	: 8
core id		: 1
cpu cores	: 8
apicid		: 2
initial apicid	: 2
fpu		: yes
fpu_exception	: yes
cpuid level	: 22
wp		: yes
flags		: fpu vme de pse tsc msr pae mce cx8 apic sep mtrr pge mca cmov pat pse36 clflush dts acpi mmx fxsr sse sse2 ss ht tm pbe syscall nx pdpe1gb rdtscp lm constant_tsc art arch_perfmon pebs bts rep_good nopl xtopology nonstop_tsc cpuid aperfmperf pni pclmulqdq dtes64 ds_cpl vmx smx est tm2 ssse3 sdbg fma cx16 xtpr pdcm pcid dca sse4_1 sse4_2 x2apic movbe popcnt tsc_deadline_timer aes xsave avx f16c rdrand lahf_lm abm 3dnowprefetch cpuid_fault epb cat_l3 cdp_l3 invpcid_single pti intel_ppin ssbd mba ibrs ibpb stibp tpr_shadow vnmi flexpriority ept vpid fsgsbase tsc_adjust bmi1 hle avx2 smep bmi2 erms invpcid rtm cqm mpx rdt_a avx512f avx512dq rdseed adx smap clflushopt clwb intel_pt avx512cd avx512bw avx512vl xsaveopt xsavec xgetbv1 xsaves cqm_llc cqm_occup_llc cqm_mbm_total cqm_mbm_local dtherm ida arat pln pts hwp hwp_act_window hwp_epp hwp_pkg_req pku ospke md_clear flush_l1d
bugs		: cpu_meltdown spectre_v1 spectre_v2 spec_store_bypass l1tf mds
bogomips	: 4200.00
clflush size	: 64
cache_alignment	: 64
address sizes	: 46 bits physical, 48 bits virtual
power management:

processor	: 2
vendor_id	: GenuineIntel
cpu family	: 6
model		: 85
model name	: Intel(R) Xeon(R) Silver 4110 CPU @ 2.10GHz
stepping	: 4
microcode	: 0x200005e
cpu MHz		: 802.958
cache size	: 11264 KB
physical id	: 0
siblings	: 8
core id		: 2
cpu cores	: 8
apicid		: 4
initial apicid	: 4
fpu		: yes
fpu_exception	: yes
cpuid level	: 22
wp		: yes
flags		: fpu vme de pse tsc msr pae mce cx8 apic sep mtrr pge mca cmov pat pse36 clflush dts acpi mmx fxsr sse sse2 ss ht tm pbe syscall nx pdpe1gb rdtscp lm constant_tsc art arch_perfmon pebs bts rep_good nopl xtopology nonstop_tsc cpuid aperfmperf pni pclmulqdq dtes64 ds_cpl vmx smx est tm2 ssse3 sdbg fma cx16 xtpr pdcm pcid dca sse4_1 sse4_2 x2apic movbe popcnt tsc_deadline_timer aes xsave avx f16c rdrand lahf_lm abm 3dnowprefetch cpuid_fault epb cat_l3 cdp_l3 invpcid_single pti intel_ppin ssbd mba ibrs ibpb stibp tpr_shadow vnmi flexpriority ept vpid fsgsbase tsc_adjust bmi1 hle avx2 smep bmi2 erms invpcid rtm cqm mpx rdt_a avx512f avx512dq rdseed adx smap clflushopt clwb intel_pt avx512cd avx512bw avx512vl xsaveopt xsavec xgetbv1 xsaves cqm_llc cqm_occup_llc cqm_mbm_total cqm_mbm_local dtherm ida arat pln pts hwp hwp_act_window hwp_epp hwp_pkg_req pku ospke md_clear flush_l1d
bugs		: cpu_meltdown spectre_v1 spectre_v2 spec_store_bypass l1tf mds
bogomips	: 4200.00
clflush size	: 64
cache_alignment	: 64
address sizes	: 46 bits physical, 48 bits virtual
power management:

processor	: 3
vendor_id	: GenuineIntel
cpu family	: 6
model		: 85
model name	: Intel(R) Xeon(R) Silver 4110 CPU @ 2.10GHz
stepping	: 4
microcode	: 0x200005e
cpu MHz		: 800.255
cache size	: 11264 KB
physical id	: 0
siblings	: 8
core id		: 3
cpu cores	: 8
apicid		: 6
initial apicid	: 6
fpu		: yes
fpu_exception	: yes
cpuid level	: 22
wp		: yes
flags		: fpu vme de pse tsc msr pae mce cx8 apic sep mtrr pge mca cmov pat pse36 clflush dts acpi mmx fxsr sse sse2 ss ht tm pbe syscall nx pdpe1gb rdtscp lm constant_tsc art arch_perfmon pebs bts rep_good nopl xtopology nonstop_tsc cpuid aperfmperf pni pclmulqdq dtes64 ds_cpl vmx smx est tm2 ssse3 sdbg fma cx16 xtpr pdcm pcid dca sse4_1 sse4_2 x2apic movbe popcnt tsc_deadline_timer aes xsave avx f16c rdrand lahf_lm abm 3dnowprefetch cpuid_fault epb cat_l3 cdp_l3 invpcid_single pti intel_ppin ssbd mba ibrs ibpb stibp tpr_shadow vnmi flexpriority ept vpid fsgsbase tsc_adjust bmi1 hle avx2 smep bmi2 erms invpcid rtm cqm mpx rdt_a avx512f avx512dq rdseed adx smap clflushopt clwb intel_pt avx512cd avx512bw avx512vl xsaveopt xsavec xgetbv1 xsaves cqm_llc cqm_occup_llc cqm_mbm_total cqm_mbm_local dtherm ida arat pln pts hwp hwp_act_window hwp_epp hwp_pkg_req pku ospke md_clear flush_l1d
bugs		: cpu_meltdown spectre_v1 spectre_v2 spec_store_bypass l1tf mds
bogomips	: 4200.00
clflush size	: 64
cache_alignment	: 64
address sizes	: 46 bits physical, 48 bits virtual
power management:

processor	: 4
vendor_id	: GenuineIntel
cpu family	: 6
model		: 85
model name	: Intel(R) Xeon(R) Silver 4110 CPU @ 2.10GHz
stepping	: 4
microcode	: 0x200005e
cpu MHz		: 800.026
cache size	: 11264 KB
physical id	: 0
siblings	: 8
core id		: 4
cpu cores	: 8
apicid		: 8
initial apicid	: 8
fpu		: yes
fpu_exception	: yes
cpuid level	: 22
wp		: yes
flags		: fpu vme de pse tsc msr pae mce cx8 apic sep mtrr pge mca cmov pat pse36 clflush dts acpi mmx fxsr sse sse2 ss ht tm pbe syscall nx pdpe1gb rdtscp lm constant_tsc art arch_perfmon pebs bts rep_good nopl xtopology nonstop_tsc cpuid aperfmperf pni pclmulqdq dtes64 ds_cpl vmx smx est tm2 ssse3 sdbg fma cx16 xtpr pdcm pcid dca sse4_1 sse4_2 x2apic movbe popcnt tsc_deadline_timer aes xsave avx f16c rdrand lahf_lm abm 3dnowprefetch cpuid_fault epb cat_l3 cdp_l3 invpcid_single pti intel_ppin ssbd mba ibrs ibpb stibp tpr_shadow vnmi flexpriority ept vpid fsgsbase tsc_adjust bmi1 hle avx2 smep bmi2 erms invpcid rtm cqm mpx rdt_a avx512f avx512dq rdseed adx smap clflushopt clwb intel_pt avx512cd avx512bw avx512vl xsaveopt xsavec xgetbv1 xsaves cqm_llc cqm_occup_llc cqm_mbm_total cqm_mbm_local dtherm ida arat pln pts hwp hwp_act_window hwp_epp hwp_pkg_req pku ospke md_clear flush_l1d
bugs		: cpu_meltdown spectre_v1 spectre_v2 spec_store_bypass l1tf mds
bogomips	: 4200.00
clflush size	: 64
cache_alignment	: 64
address sizes	: 46 bits physical, 48 bits virtual
power management:

processor	: 5
vendor_id	: GenuineIntel
cpu family	: 6
model		: 85
model name	: Intel(R) Xeon(R) Silver 4110 CPU @ 2.10GHz
stepping	: 4
microcode	: 0x200005e
cpu MHz		: 801.972
cache size	: 11264 KB
physical id	: 0
siblings	: 8
core id		: 5
cpu cores	: 8
apicid		: 10
initial apicid	: 10
fpu		: yes
fpu_exception	: yes
cpuid level	: 22
wp		: yes
flags		: fpu vme de pse tsc msr pae mce cx8 apic sep mtrr pge mca cmov pat pse36 clflush dts acpi mmx fxsr sse sse2 ss ht tm pbe syscall nx pdpe1gb rdtscp lm constant_tsc art arch_perfmon pebs bts rep_good nopl xtopology nonstop_tsc cpuid aperfmperf pni pclmulqdq dtes64 ds_cpl vmx smx est tm2 ssse3 sdbg fma cx16 xtpr pdcm pcid dca sse4_1 sse4_2 x2apic movbe popcnt tsc_deadline_timer aes xsave avx f16c rdrand lahf_lm abm 3dnowprefetch cpuid_fault epb cat_l3 cdp_l3 invpcid_single pti intel_ppin ssbd mba ibrs ibpb stibp tpr_shadow vnmi flexpriority ept vpid fsgsbase tsc_adjust bmi1 hle avx2 smep bmi2 erms invpcid rtm cqm mpx rdt_a avx512f avx512dq rdseed adx smap clflushopt clwb intel_pt avx512cd avx512bw avx512vl xsaveopt xsavec xgetbv1 xsaves cqm_llc cqm_occup_llc cqm_mbm_total cqm_mbm_local dtherm ida arat pln pts hwp hwp_act_window hwp_epp hwp_pkg_req pku ospke md_clear flush_l1d
bugs		: cpu_meltdown spectre_v1 spectre_v2 spec_store_bypass l1tf mds
bogomips	: 4200.00
clflush size	: 64
cache_alignment	: 64
address sizes	: 46 bits physical, 48 bits virtual
power management:

processor	: 6
vendor_id	: GenuineIntel
cpu family	: 6
model		: 85
model name	: Intel(R) Xeon(R) Silver 4110 CPU @ 2.10GHz
stepping	: 4
microcode	: 0x200005e
cpu MHz		: 904.508
cache size	: 11264 KB
physical id	: 0
siblings	: 8
core id		: 6
cpu cores	: 8
apicid		: 12
initial apicid	: 12
fpu		: yes
fpu_exception	: yes
cpuid level	: 22
wp		: yes
flags		: fpu vme de pse tsc msr pae mce cx8 apic sep mtrr pge mca cmov pat pse36 clflush dts acpi mmx fxsr sse sse2 ss ht tm pbe syscall nx pdpe1gb rdtscp lm constant_tsc art arch_perfmon pebs bts rep_good nopl xtopology nonstop_tsc cpuid aperfmperf pni pclmulqdq dtes64 ds_cpl vmx smx est tm2 ssse3 sdbg fma cx16 xtpr pdcm pcid dca sse4_1 sse4_2 x2apic movbe popcnt tsc_deadline_timer aes xsave avx f16c rdrand lahf_lm abm 3dnowprefetch cpuid_fault epb cat_l3 cdp_l3 invpcid_single pti intel_ppin ssbd mba ibrs ibpb stibp tpr_shadow vnmi flexpriority ept vpid fsgsbase tsc_adjust bmi1 hle avx2 smep bmi2 erms invpcid rtm cqm mpx rdt_a avx512f avx512dq rdseed adx smap clflushopt clwb intel_pt avx512cd avx512bw avx512vl xsaveopt xsavec xgetbv1 xsaves cqm_llc cqm_occup_llc cqm_mbm_total cqm_mbm_local dtherm ida arat pln pts hwp hwp_act_window hwp_epp hwp_pkg_req pku ospke md_clear flush_l1d
bugs		: cpu_meltdown spectre_v1 spectre_v2 spec_store_bypass l1tf mds
bogomips	: 4200.00
clflush size	: 64
cache_alignment	: 64
address sizes	: 46 bits physical, 48 bits virtual
power management:

processor	: 7
vendor_id	: GenuineIntel
cpu family	: 6
model		: 85
model name	: Intel(R) Xeon(R) Silver 4110 CPU @ 2.10GHz
stepping	: 4
microcode	: 0x200005e
cpu MHz		: 800.725
cache size	: 11264 KB
physical id	: 0
siblings	: 8
core id		: 7
cpu cores	: 8
apicid		: 14
initial apicid	: 14
fpu		: yes
fpu_exception	: yes
cpuid level	: 22
wp		: yes
flags		: fpu vme de pse tsc msr pae mce cx8 apic sep mtrr pge mca cmov pat pse36 clflush dts acpi mmx fxsr sse sse2 ss ht tm pbe syscall nx pdpe1gb rdtscp lm constant_tsc art arch_perfmon pebs bts rep_good nopl xtopology nonstop_tsc cpuid aperfmperf pni pclmulqdq dtes64 ds_cpl vmx smx est tm2 ssse3 sdbg fma cx16 xtpr pdcm pcid dca sse4_1 sse4_2 x2apic movbe popcnt tsc_deadline_timer aes xsave avx f16c rdrand lahf_lm abm 3dnowprefetch cpuid_fault epb cat_l3 cdp_l3 invpcid_single pti intel_ppin ssbd mba ibrs ibpb stibp tpr_shadow vnmi flexpriority ept vpid fsgsbase tsc_adjust bmi1 hle avx2 smep bmi2 erms invpcid rtm cqm mpx rdt_a avx512f avx512dq rdseed adx smap clflushopt clwb intel_pt avx512cd avx512bw avx512vl xsaveopt xsavec xgetbv1 xsaves cqm_llc cqm_occup_llc cqm_mbm_total cqm_mbm_local dtherm ida arat pln pts hwp hwp_act_window hwp_epp hwp_pkg_req pku ospke md_clear flush_l1d
bugs		: cpu_meltdown spectre_v1 spectre_v2 spec_store_bypass l1tf mds
bogomips	: 4200.00
clflush size	: 64
cache_alignment	: 64
address sizes	: 46 bits physical, 48 bits virtual
power management:

processor	: 8
vendor_id	: GenuineIntel
cpu family	: 6
model		: 85
model name	: Intel(R) Xeon(R) Silver 4110 CPU @ 2.10GHz
stepping	: 4
microcode	: 0x200005e
cpu MHz		: 1062.353
cache size	: 11264 KB
physical id	: 1
siblings	: 8
core id		: 0
cpu cores	: 8
apicid		: 16
initial apicid	: 16
fpu		: yes
fpu_exception	: yes
cpuid level	: 22
wp		: yes
flags		: fpu vme de pse tsc msr pae mce cx8 apic sep mtrr pge mca cmov pat pse36 clflush dts acpi mmx fxsr sse sse2 ss ht tm pbe syscall nx pdpe1gb rdtscp lm constant_tsc art arch_perfmon pebs bts rep_good nopl xtopology nonstop_tsc cpuid aperfmperf pni pclmulqdq dtes64 ds_cpl vmx smx est tm2 ssse3 sdbg fma cx16 xtpr pdcm pcid dca sse4_1 sse4_2 x2apic movbe popcnt tsc_deadline_timer aes xsave avx f16c rdrand lahf_lm abm 3dnowprefetch cpuid_fault epb cat_l3 cdp_l3 invpcid_single pti intel_ppin ssbd mba ibrs ibpb stibp tpr_shadow vnmi flexpriority ept vpid fsgsbase tsc_adjust bmi1 hle avx2 smep bmi2 erms invpcid rtm cqm mpx rdt_a avx512f avx512dq rdseed adx smap clflushopt clwb intel_pt avx512cd avx512bw avx512vl xsaveopt xsavec xgetbv1 xsaves cqm_llc cqm_occup_llc cqm_mbm_total cqm_mbm_local dtherm ida arat pln pts hwp hwp_act_window hwp_epp hwp_pkg_req pku ospke md_clear flush_l1d
bugs		: cpu_meltdown spectre_v1 spectre_v2 spec_store_bypass l1tf mds
bogomips	: 4201.68
clflush size	: 64
cache_alignment	: 64
address sizes	: 46 bits physical, 48 bits virtual
power management:

processor	: 9
vendor_id	: GenuineIntel
cpu family	: 6
model		: 85
model name	: Intel(R) Xeon(R) Silver 4110 CPU @ 2.10GHz
stepping	: 4
microcode	: 0x200005e
cpu MHz		: 800.579
cache size	: 11264 KB
physical id	: 1
siblings	: 8
core id		: 1
cpu cores	: 8
apicid		: 18
initial apicid	: 18
fpu		: yes
fpu_exception	: yes
cpuid level	: 22
wp		: yes
flags		: fpu vme de pse tsc msr pae mce cx8 apic sep mtrr pge mca cmov pat pse36 clflush dts acpi mmx fxsr sse sse2 ss ht tm pbe syscall nx pdpe1gb rdtscp lm constant_tsc art arch_perfmon pebs bts rep_good nopl xtopology nonstop_tsc cpuid aperfmperf pni pclmulqdq dtes64 ds_cpl vmx smx est tm2 ssse3 sdbg fma cx16 xtpr pdcm pcid dca sse4_1 sse4_2 x2apic movbe popcnt tsc_deadline_timer aes xsave avx f16c rdrand lahf_lm abm 3dnowprefetch cpuid_fault epb cat_l3 cdp_l3 invpcid_single pti intel_ppin ssbd mba ibrs ibpb stibp tpr_shadow vnmi flexpriority ept vpid fsgsbase tsc_adjust bmi1 hle avx2 smep bmi2 erms invpcid rtm cqm mpx rdt_a avx512f avx512dq rdseed adx smap clflushopt clwb intel_pt avx512cd avx512bw avx512vl xsaveopt xsavec xgetbv1 xsaves cqm_llc cqm_occup_llc cqm_mbm_total cqm_mbm_local dtherm ida arat pln pts hwp hwp_act_window hwp_epp hwp_pkg_req pku ospke md_clear flush_l1d
bugs		: cpu_meltdown spectre_v1 spectre_v2 spec_store_bypass l1tf mds
bogomips	: 4201.68
clflush size	: 64
cache_alignment	: 64
address sizes	: 46 bits physical, 48 bits virtual
power management:

processor	: 10
vendor_id	: GenuineIntel
cpu family	: 6
model		: 85
model name	: Intel(R) Xeon(R) Silver 4110 CPU @ 2.10GHz
stepping	: 4
microcode	: 0x200005e
cpu MHz		: 801.113
cache size	: 11264 KB
physical id	: 1
siblings	: 8
core id		: 2
cpu cores	: 8
apicid		: 20
initial apicid	: 20
fpu		: yes
fpu_exception	: yes
cpuid level	: 22
wp		: yes
flags		: fpu vme de pse tsc msr pae mce cx8 apic sep mtrr pge mca cmov pat pse36 clflush dts acpi mmx fxsr sse sse2 ss ht tm pbe syscall nx pdpe1gb rdtscp lm constant_tsc art arch_perfmon pebs bts rep_good nopl xtopology nonstop_tsc cpuid aperfmperf pni pclmulqdq dtes64 ds_cpl vmx smx est tm2 ssse3 sdbg fma cx16 xtpr pdcm pcid dca sse4_1 sse4_2 x2apic movbe popcnt tsc_deadline_timer aes xsave avx f16c rdrand lahf_lm abm 3dnowprefetch cpuid_fault epb cat_l3 cdp_l3 invpcid_single pti intel_ppin ssbd mba ibrs ibpb stibp tpr_shadow vnmi flexpriority ept vpid fsgsbase tsc_adjust bmi1 hle avx2 smep bmi2 erms invpcid rtm cqm mpx rdt_a avx512f avx512dq rdseed adx smap clflushopt clwb intel_pt avx512cd avx512bw avx512vl xsaveopt xsavec xgetbv1 xsaves cqm_llc cqm_occup_llc cqm_mbm_total cqm_mbm_local dtherm ida arat pln pts hwp hwp_act_window hwp_epp hwp_pkg_req pku ospke md_clear flush_l1d
bugs		: cpu_meltdown spectre_v1 spectre_v2 spec_store_bypass l1tf mds
bogomips	: 4201.68
clflush size	: 64
cache_alignment	: 64
address sizes	: 46 bits physical, 48 bits virtual
power management:

processor	: 11
vendor_id	: GenuineIntel
cpu family	: 6
model		: 85
model name	: Intel(R) Xeon(R) Silver 4110 CPU @ 2.10GHz
stepping	: 4
microcode	: 0x200005e
cpu MHz		: 803.171
cache size	: 11264 KB
physical id	: 1
siblings	: 8
core id		: 3
cpu cores	: 8
apicid		: 22
initial apicid	: 22
fpu		: yes
fpu_exception	: yes
cpuid level	: 22
wp		: yes
flags		: fpu vme de pse tsc msr pae mce cx8 apic sep mtrr pge mca cmov pat pse36 clflush dts acpi mmx fxsr sse sse2 ss ht tm pbe syscall nx pdpe1gb rdtscp lm constant_tsc art arch_perfmon pebs bts rep_good nopl xtopology nonstop_tsc cpuid aperfmperf pni pclmulqdq dtes64 ds_cpl vmx smx est tm2 ssse3 sdbg fma cx16 xtpr pdcm pcid dca sse4_1 sse4_2 x2apic movbe popcnt tsc_deadline_timer aes xsave avx f16c rdrand lahf_lm abm 3dnowprefetch cpuid_fault epb cat_l3 cdp_l3 invpcid_single pti intel_ppin ssbd mba ibrs ibpb stibp tpr_shadow vnmi flexpriority ept vpid fsgsbase tsc_adjust bmi1 hle avx2 smep bmi2 erms invpcid rtm cqm mpx rdt_a avx512f avx512dq rdseed adx smap clflushopt clwb intel_pt avx512cd avx512bw avx512vl xsaveopt xsavec xgetbv1 xsaves cqm_llc cqm_occup_llc cqm_mbm_total cqm_mbm_local dtherm ida arat pln pts hwp hwp_act_window hwp_epp hwp_pkg_req pku ospke md_clear flush_l1d
bugs		: cpu_meltdown spectre_v1 spectre_v2 spec_store_bypass l1tf mds
bogomips	: 4201.68
clflush size	: 64
cache_alignment	: 64
address sizes	: 46 bits physical, 48 bits virtual
power management:

processor	: 12
vendor_id	: GenuineIntel
cpu family	: 6
model		: 85
model name	: Intel(R) Xeon(R) Silver 4110 CPU @ 2.10GHz
stepping	: 4
microcode	: 0x200005e
cpu MHz		: 800.160
cache size	: 11264 KB
physical id	: 1
siblings	: 8
core id		: 4
cpu cores	: 8
apicid		: 24
initial apicid	: 24
fpu		: yes
fpu_exception	: yes
cpuid level	: 22
wp		: yes
flags		: fpu vme de pse tsc msr pae mce cx8 apic sep mtrr pge mca cmov pat pse36 clflush dts acpi mmx fxsr sse sse2 ss ht tm pbe syscall nx pdpe1gb rdtscp lm constant_tsc art arch_perfmon pebs bts rep_good nopl xtopology nonstop_tsc cpuid aperfmperf pni pclmulqdq dtes64 ds_cpl vmx smx est tm2 ssse3 sdbg fma cx16 xtpr pdcm pcid dca sse4_1 sse4_2 x2apic movbe popcnt tsc_deadline_timer aes xsave avx f16c rdrand lahf_lm abm 3dnowprefetch cpuid_fault epb cat_l3 cdp_l3 invpcid_single pti intel_ppin ssbd mba ibrs ibpb stibp tpr_shadow vnmi flexpriority ept vpid fsgsbase tsc_adjust bmi1 hle avx2 smep bmi2 erms invpcid rtm cqm mpx rdt_a avx512f avx512dq rdseed adx smap clflushopt clwb intel_pt avx512cd avx512bw avx512vl xsaveopt xsavec xgetbv1 xsaves cqm_llc cqm_occup_llc cqm_mbm_total cqm_mbm_local dtherm ida arat pln pts hwp hwp_act_window hwp_epp hwp_pkg_req pku ospke md_clear flush_l1d
bugs		: cpu_meltdown spectre_v1 spectre_v2 spec_store_bypass l1tf mds
bogomips	: 4201.68
clflush size	: 64
cache_alignment	: 64
address sizes	: 46 bits physical, 48 bits virtual
power management:

processor	: 13
vendor_id	: GenuineIntel
cpu family	: 6
model		: 85
model name	: Intel(R) Xeon(R) Silver 4110 CPU @ 2.10GHz
stepping	: 4
microcode	: 0x200005e
cpu MHz		: 802.166
cache size	: 11264 KB
physical id	: 1
siblings	: 8
core id		: 5
cpu cores	: 8
apicid		: 26
initial apicid	: 26
fpu		: yes
fpu_exception	: yes
cpuid level	: 22
wp		: yes
flags		: fpu vme de pse tsc msr pae mce cx8 apic sep mtrr pge mca cmov pat pse36 clflush dts acpi mmx fxsr sse sse2 ss ht tm pbe syscall nx pdpe1gb rdtscp lm constant_tsc art arch_perfmon pebs bts rep_good nopl xtopology nonstop_tsc cpuid aperfmperf pni pclmulqdq dtes64 ds_cpl vmx smx est tm2 ssse3 sdbg fma cx16 xtpr pdcm pcid dca sse4_1 sse4_2 x2apic movbe popcnt tsc_deadline_timer aes xsave avx f16c rdrand lahf_lm abm 3dnowprefetch cpuid_fault epb cat_l3 cdp_l3 invpcid_single pti intel_ppin ssbd mba ibrs ibpb stibp tpr_shadow vnmi flexpriority ept vpid fsgsbase tsc_adjust bmi1 hle avx2 smep bmi2 erms invpcid rtm cqm mpx rdt_a avx512f avx512dq rdseed adx smap clflushopt clwb intel_pt avx512cd avx512bw avx512vl xsaveopt xsavec xgetbv1 xsaves cqm_llc cqm_occup_llc cqm_mbm_total cqm_mbm_local dtherm ida arat pln pts hwp hwp_act_window hwp_epp hwp_pkg_req pku ospke md_clear flush_l1d
bugs		: cpu_meltdown spectre_v1 spectre_v2 spec_store_bypass l1tf mds
bogomips	: 4201.68
clflush size	: 64
cache_alignment	: 64
address sizes	: 46 bits physical, 48 bits virtual
power management:

processor	: 14
vendor_id	: GenuineIntel
cpu family	: 6
model		: 85
model name	: Intel(R) Xeon(R) Silver 4110 CPU @ 2.10GHz
stepping	: 4
microcode	: 0x200005e
cpu MHz		: 801.525
cache size	: 11264 KB
physical id	: 1
siblings	: 8
core id		: 6
cpu cores	: 8
apicid		: 28
initial apicid	: 28
fpu		: yes
fpu_exception	: yes
cpuid level	: 22
wp		: yes
flags		: fpu vme de pse tsc msr pae mce cx8 apic sep mtrr pge mca cmov pat pse36 clflush dts acpi mmx fxsr sse sse2 ss ht tm pbe syscall nx pdpe1gb rdtscp lm constant_tsc art arch_perfmon pebs bts rep_good nopl xtopology nonstop_tsc cpuid aperfmperf pni pclmulqdq dtes64 ds_cpl vmx smx est tm2 ssse3 sdbg fma cx16 xtpr pdcm pcid dca sse4_1 sse4_2 x2apic movbe popcnt tsc_deadline_timer aes xsave avx f16c rdrand lahf_lm abm 3dnowprefetch cpuid_fault epb cat_l3 cdp_l3 invpcid_single pti intel_ppin ssbd mba ibrs ibpb stibp tpr_shadow vnmi flexpriority ept vpid fsgsbase tsc_adjust bmi1 hle avx2 smep bmi2 erms invpcid rtm cqm mpx rdt_a avx512f avx512dq rdseed adx smap clflushopt clwb intel_pt avx512cd avx512bw avx512vl xsaveopt xsavec xgetbv1 xsaves cqm_llc cqm_occup_llc cqm_mbm_total cqm_mbm_local dtherm ida arat pln pts hwp hwp_act_window hwp_epp hwp_pkg_req pku ospke md_clear flush_l1d
bugs		: cpu_meltdown spectre_v1 spectre_v2 spec_store_bypass l1tf mds
bogomips	: 4201.68
clflush size	: 64
cache_alignment	: 64
address sizes	: 46 bits physical, 48 bits virtual
power management:

processor	: 15
vendor_id	: GenuineIntel
cpu family	: 6
model		: 85
model name	: Intel(R) Xeon(R) Silver 4110 CPU @ 2.10GHz
stepping	: 4
microcode	: 0x200005e
cpu MHz		: 800.069
cache size	: 11264 KB
physical id	: 1
siblings	: 8
core id		: 7
cpu cores	: 8
apicid		: 30
initial apicid	: 30
fpu		: yes
fpu_exception	: yes
cpuid level	: 22
wp		: yes
flags		: fpu vme de pse tsc msr pae mce cx8 apic sep mtrr pge mca cmov pat pse36 clflush dts acpi mmx fxsr sse sse2 ss ht tm pbe syscall nx pdpe1gb rdtscp lm constant_tsc art arch_perfmon pebs bts rep_good nopl xtopology nonstop_tsc cpuid aperfmperf pni pclmulqdq dtes64 ds_cpl vmx smx est tm2 ssse3 sdbg fma cx16 xtpr pdcm pcid dca sse4_1 sse4_2 x2apic movbe popcnt tsc_deadline_timer aes xsave avx f16c rdrand lahf_lm abm 3dnowprefetch cpuid_fault epb cat_l3 cdp_l3 invpcid_single pti intel_ppin ssbd mba ibrs ibpb stibp tpr_shadow vnmi flexpriority ept vpid fsgsbase tsc_adjust bmi1 hle avx2 smep bmi2 erms invpcid rtm cqm mpx rdt_a avx512f avx512dq rdseed adx smap clflushopt clwb intel_pt avx512cd avx512bw avx512vl xsaveopt xsavec xgetbv1 xsaves cqm_llc cqm_occup_llc cqm_mbm_total cqm_mbm_local dtherm ida arat pln pts hwp hwp_act_window hwp_epp hwp_pkg_req pku ospke md_clear flush_l1d
bugs		: cpu_meltdown spectre_v1 spectre_v2 spec_store_bypass l1tf mds
bogomips	: 4201.68
clflush size	: 64
cache_alignment	: 64
address sizes	: 46 bits physical, 48 bits virtual
power management:



Memory: 4k page, physical 32583196k(9907824k free), swap 33554428k(33554428k free)

vm_info: Java HotSpot(TM) 64-Bit Server VM (25.181-b13) for linux-amd64 JRE (1.8.0_181-b13), built on Jul  7 2018 00:56:38 by "java_re" with gcc 4.3.0 20080428 (Red Hat 4.3.0-8)

time: Wed Dec  4 13:19:10 2019
elapsed time: 1 seconds (0d 0h 0m 1s)

